Watching for file changes with StatReloader
To use data.metrics please install scikit-learn. See https://scikit-learn.org/stable/index.html
Watching for file changes with StatReloader
To use data.metrics please install scikit-learn. See https://scikit-learn.org/stable/index.html
System check identified some issues:

WARNINGS:
member.MemberInfo.age: (fields.W122) 'max_length' is ignored when used with IntegerField.
	HINT: Remove 'max_length' from field
member.MemberInfo.classification: (fields.W122) 'max_length' is ignored when used with IntegerField.
	HINT: Remove 'max_length' from field
member.MemberInfo.offerInfoAgree: (fields.W122) 'max_length' is ignored when used with IntegerField.
	HINT: Remove 'max_length' from field
member.MemberInfo.sex: (fields.W122) 'max_length' is ignored when used with IntegerField.
	HINT: Remove 'max_length' from field

System check identified 4 issues (0 silenced).
[16/Sep/2020 05:53:22] "GET /cold HTTP/1.1" 200 12497
[16/Sep/2020 05:53:23] "GET /static/css/base.css HTTP/1.1" 304 0
[16/Sep/2020 05:53:23] "GET /static/images/bell_white.png HTTP/1.1" 304 0
[16/Sep/2020 05:53:23] "GET /static/images/search.png HTTP/1.1" 304 0
[16/Sep/2020 05:53:23] "GET /static/images/logout.png HTTP/1.1" 304 0
[16/Sep/2020 05:53:23] "GET /static/images/write_new.png HTTP/1.1" 304 0
[16/Sep/2020 05:53:24] "GET /cold HTTP/1.1" 200 12497
[16/Sep/2020 05:53:29] "GET /cold HTTP/1.1" 200 12497
[16/Sep/2020 05:53:29] "GET /cold HTTP/1.1" 200 12497
[16/Sep/2020 05:53:30] "GET /cold HTTP/1.1" 200 12497
Performing system checks...

using cached model
using cached model
using cached model
using cached model
using cached model
1
September 16, 2020 - 05:53:20
Django version 3.1.1, using settings 'FirstLine.settings'
Starting development server at http://0:8000/
Quit the server with CONTROL-C.
['아 오늘 너무 힘들다..']
['오늘 하루종일 공부만 했네..']
['싸늘하다... 대흉근에 비수가 날아와 꽂힌다... 하지만 걱정하지마라.. 전완근은 눈보다 빠르니까..']
['내 삶은 왜 이 모양 이 꼬라지 일까? 하,,, 내 신세야,,,, 나는 왜 항상 이렇게 살아야 하는거야? 나는 너무 우울해서 진짜 죽고싶어 내일이 없었으면 좋겠어 그냥 죽어버렸으면 이 세상의 모두가 나를 잊어버렸으면 해']
['맥심 라이트를 주고 떠나간 그.... 나 혼자만 남아있네..']
['말 같지도 않은 소리 그만해! 한시는 점심시간이란 말이야!']
['장염 걸려서 너무 아프다.. 밥도 못먹네..']
['드디어', '', '끝나간다!', '', '']
['동글동글 왕감자 대홍단 감자', '', '너무 커서 하나를 못다먹겠죠', '', '']
['지금은 남의땅', '', '빼앗긴 들에도 봄은 오는가', '', '나는 온 몸에 햇살을 받고', '', '푸른 하늘 푸른 들이 맞붙은 곳으로', '', '가르마 같은 논길을 따라', '', '꿈 속을 가듯 걸어만 간다.', '', '']
['그녀를 향한 내 마음은 마치 태양과 같다.', '', '아침에 일어나 그녀를 생각하는 내 가슴은 마치 태양과 같다.', '', '그녀를 생각하는 때면 마음이 따스해진다.', '', '']
['아 오늘 너무 힘들다..']
['오늘 하루종일 공부만 했네..']
['싸늘하다... 대흉근에 비수가 날아와 꽂힌다... 하지만 걱정하지마라.. 전완근은 눈보다 빠르니까..']
['내 삶은 왜 이 모양 이 꼬라지 일까? 하,,, 내 신세야,,,, 나는 왜 항상 이렇게 살아야 하는거야? 나는 너무 우울해서 진짜 죽고싶어 내일이 없었으면 좋겠어 그냥 죽어버렸으면 이 세상의 모두가 나를 잊어버렸으면 해']
['맥심 라이트를 주고 떠나간 그.... 나 혼자만 남아있네..']
['말 같지도 않은 소리 그만해! 한시는 점심시간이란 말이야!']
['장염 걸려서 너무 아프다.. 밥도 못먹네..']
['드디어', '', '끝나간다!', '', '']
['동글동글 왕감자 대홍단 감자', '', '너무 커서 하나를 못다먹겠죠', '', '']
['지금은 남의땅', '', '빼앗긴 들에도 봄은 오는가', '', '나는 온 몸에 햇살을 받고', '', '푸른 하늘 푸른 들이 맞붙은 곳으로', '', '가르마 같은 논길을 따라', '', '꿈 속을 가듯 걸어만 간다.', '', '']
['그녀를 향한 내 마음은 마치 태양과 같다.', '', '아침에 일어나 그녀를 생각하는 내 가슴은 마치 태양과 같다.', '', '그녀를 생각하는 때면 마음이 따스해진다.', '', '']
['아 오늘 너무 힘들다..']
['오늘 하루종일 공부만 했네..']
['싸늘하다... 대흉근에 비수가 날아와 꽂힌다... 하지만 걱정하지마라.. 전완근은 눈보다 빠르니까..']
['내 삶은 왜 이 모양 이 꼬라지 일까? 하,,, 내 신세야,,,, 나는 왜 항상 이렇게 살아야 하는거야? 나는 너무 우울해서 진짜 죽고싶어 내일이 없었으면 좋겠어 그냥 죽어버렸으면 이 세상의 모두가 나를 잊어버렸으면 해']
['맥심 라이트를 주고 떠나간 그.... 나 혼자만 남아있네..']
['말 같지도 않은 소리 그만해! 한시는 점심시간이란 말이야!']
['장염 걸려서 너무 아프다.. 밥도 못먹네..']
['드디어', '', '끝나간다!', '', '']
['동글동글 왕감자 대홍단 감자', '', '너무 커서 하나를 못다먹겠죠', '', '']
['지금은 남의땅', '', '빼앗긴 들에도 봄은 오는가', '', '나는 온 몸에 햇살을 받고', '', '푸른 하늘 푸른 들이 맞붙은 곳으로', '', '가르마 같은 논길을 따라', '', '꿈 속을 가듯 걸어만 간다.', '', '']
['그녀를 향한 내 마음은 마치 태양과 같다.', '', '아침에 일어나 그녀를 생각하는 내 가슴은 마치 태양과 같다.', '', '그녀를 생각하는 때면 마음이 따스해진다.', '', '']
['아 오늘 너무 힘들다..']
['오늘 하루종일 공부만 했네..']
['싸늘하다... 대흉근에 비수가 날아와 꽂힌다... 하지만 걱정하지마라.. 전완근은 눈보다 빠르니까..']
['내 삶은 왜 이 모양 이 꼬라지 일까? 하,,, 내 신세야,,,, 나는 왜 항상 이렇게 살아야 하는거야? 나는 너무 우울해서 진짜 죽고싶어 내일이 없었으면 좋겠어 그냥 죽어버렸으면 이 세상의 모두가 나를 잊어버렸으면 해']
['맥심 라이트를 주고 떠나간 그.... 나 혼자만 남아있네..']
['말 같지도 않은 소리 그만해! 한시는 점심시간이란 말이야!']
['장염 걸려서 너무 아프다.. 밥도 못먹네..']
['드디어', '', '끝나간다!', '', '']
['동글동글 왕감자 대홍단 감자', '', '너무 커서 하나를 못다먹겠죠', '', '']
['지금은 남의땅', '', '빼앗긴 들에도 봄은 오는가', '', '나는 온 몸에 햇살을 받고', '', '푸른 하늘 푸른 들이 맞붙은 곳으로', '', '가르마 같은 논길을 따라', '', '꿈 속을 가듯 걸어만 간다.', '', '']
['그녀를 향한 내 마음은 마치 태양과 같다.', '', '아침에 일어나 그녀를 생각하는 내 가슴은 마치 태양과 같다.', '', '그녀를 생각하는 때면 마음이 따스해진다.', '', '']
['아 오늘 너무 힘들다..']
['오늘 하루종일 공부만 했네..']
['싸늘하다... 대흉근에 비수가 날아와 꽂힌다... 하지만 걱정하지마라.. 전완근은 눈보다 빠르니까..']
['내 삶은 왜 이 모양 이 꼬라지 일까? 하,,, 내 신세야,,,, 나는 왜 항상 이렇게 살아야 하는거야? 나는 너무 우울해서 진짜 죽고싶어 내일이 없었으면 좋겠어 그냥 죽어버렸으면 이 세상의 모두가 나를 잊어버렸으면 해']
['맥심 라이트를 주고 떠나간 그.... 나 혼자만 남아있네..']
['말 같지도 않은 소리 그만해! 한시는 점심시간이란 말이야!']
['장염 걸려서 너무 아프다.. 밥도 못먹네..']
['드디어', '', '끝나간다!', '', '']
['동글동글 왕감자 대홍단 감자', '', '너무 커서 하나를 못다먹겠죠', '', '']
['지금은 남의땅', '', '빼앗긴 들에도 봄은 오는가', '', '나는 온 몸에 햇살을 받고', '', '푸른 하늘 푸른 들이 맞붙은 곳으로', '', '가르마 같은 논길을 따라', '', '꿈 속을 가듯 걸어만 간다.', '', '']
['그녀를 향한 내 마음은 마치 태양과 같다.', '', '아침에 일어나 그녀를 생각하는 내 가슴은 마치 태양과 같다.', '', '그녀를 생각하는 때면 마음이 따스해진다.', '', '']
['아 오늘 너무 힘들다..']
['오늘 하루종일 공부만 했네..']
['싸늘하다... 대흉근에 비수가 날아와 꽂힌다... 하지만 걱정하지마라.. 전완근은 눈보다 빠르니까..']
['내 삶은 왜 이 모양 이 꼬라지 일까? 하,,, 내 신세야,,,, 나는 왜 항상 이렇게 살아야 하는거야? 나는 너무 우울해서 진짜 죽고싶어 내일이 없었으면 좋겠어 그냥 죽어버렸으면 이 세상의 모두가 나를 잊어버렸으면 해']
['맥심 라이트를 주고 떠나간 그.... 나 혼자만 남아있네..']
['말 같지도 않은 소리 그만해! 한시는 점심시간이란 말이야!']
['장염 걸려서 너무 아프다.. 밥도 못먹네..']
['드디어', '', '끝나간다!', '', '']
['동글동글 왕감자 대홍단 감자', '', '너무 커서 하나를 못다먹겠죠', '', '']
['지금은 남의땅', '', '빼앗긴 들에도 봄은 오는가', '', '나는 온 몸에 햇살을 받고', '', '푸른 하늘 푸른 들이 맞붙은 곳으로', '', '가르마 같은 논길을 따라', '', '꿈 속을 가듯 걸어만 간다.', '', '']
['그녀를 향한 내 마음은 마치 태양과 같다.', '', '아침에 일어나 그녀를 생각하는 내 가슴은 마치 태양과 같다.', '', '그녀를 생각하는 때면 마음이 따스해진다.', '', ''][16/Sep/2020 05:53:30] "GET /cold HTTP/1.1" 200 12497
[16/Sep/2020 05:53:30] "GET /cold HTTP/1.1" 200 12497
[16/Sep/2020 05:53:31] "GET /cold HTTP/1.1" 200 12497
[16/Sep/2020 05:53:31] "GET /cold HTTP/1.1" 200 12497
[16/Sep/2020 05:53:31] "GET /cold HTTP/1.1" 200 12497
[16/Sep/2020 05:53:31] "GET /cold HTTP/1.1" 200 12497
[16/Sep/2020 05:53:31] "GET /cold HTTP/1.1" 200 12497

['아 오늘 너무 힘들다..']
['오늘 하루종일 공부만 했네..']
['싸늘하다... 대흉근에 비수가 날아와 꽂힌다... 하지만 걱정하지마라.. 전완근은 눈보다 빠르니까..']
['내 삶은 왜 이 모양 이 꼬라지 일까? 하,,, 내 신세야,,,, 나는 왜 항상 이렇게 살아야 하는거야? 나는 너무 우울해서 진짜 죽고싶어 내일이 없었으면 좋겠어 그냥 죽어버렸으면 이 세상의 모두가 나를 잊어버렸으면 해']
['맥심 라이트를 주고 떠나간 그.... 나 혼자만 남아있네..']
['말 같지도 않은 소리 그만해! 한시는 점심시간이란 말이야!']
['장염 걸려서 너무 아프다.. 밥도 못먹네..']
['드디어', '', '끝나간다!', '', '']
['동글동글 왕감자 대홍단 감자', '', '너무 커서 하나를 못다먹겠죠', '', '']
['지금은 남의땅', '', '빼앗긴 들에도 봄은 오는가', '', '나는 온 몸에 햇살을 받고', '', '푸른 하늘 푸른 들이 맞붙은 곳으로', '', '가르마 같은 논길을 따라', '', '꿈 속을 가듯 걸어만 간다.', '', '']
['그녀를 향한 내 마음은 마치 태양과 같다.', '', '아침에 일어나 그녀를 생각하는 내 가슴은 마치 태양과 같다.', '', '그녀를 생각하는 때면 마음이 따스해진다.', '', '']
['아 오늘 너무 힘들다..']
['오늘 하루종일 공부만 했네..']
['싸늘하다... 대흉근에 비수가 날아와 꽂힌다... 하지만 걱정하지마라.. 전완근은 눈보다 빠르니까..']
['내 삶은 왜 이 모양 이 꼬라지 일까? 하,,, 내 신세야,,,, 나는 왜 항상 이렇게 살아야 하는거야? 나는 너무 우울해서 진짜 죽고싶어 내일이 없었으면 좋겠어 그냥 죽어버렸으면 이 세상의 모두가 나를 잊어버렸으면 해']
['맥심 라이트를 주고 떠나간 그.... 나 혼자만 남아있네..']
['말 같지도 않은 소리 그만해! 한시는 점심시간이란 말이야!']
['장염 걸려서 너무 아프다.. 밥도 못먹네..']
['드디어', '', '끝나간다!', '', '']
['동글동글 왕감자 대홍단 감자', '', '너무 커서 하나를 못다먹겠죠', '', '']
['지금은 남의땅', '', '빼앗긴 들에도 봄은 오는가', '', '나는 온 몸에 햇살을 받고', '', '푸른 하늘 푸른 들이 맞붙은 곳으로', '', '가르마 같은 논길을 따라', '', '꿈 속을 가듯 걸어만 간다.', '', '']
['그녀를 향한 내 마음은 마치 태양과 같다.', '', '아침에 일어나 그녀를 생각하는 내 가슴은 마치 태양과 같다.', '', '그녀를 생각하는 때면 마음이 따스해진다.', '', '']
['아 오늘 너무 힘들다..']
['오늘 하루종일 공부만 했네..']
['싸늘하다... 대흉근에 비수가 날아와 꽂힌다... 하지만 걱정하지마라.. 전완근은 눈보다 빠르니까..']
['내 삶은 왜 이 모양 이 꼬라지 일까? 하,,, 내 신세야,,,, 나는 왜 항상 이렇게 살아야 하는거야? 나는 너무 우울해서 진짜 죽고싶어 내일이 없었으면 좋겠어 그냥 죽어버렸으면 이 세상의 모두가 나를 잊어버렸으면 해']
['맥심 라이트를 주고 떠나간 그.... 나 혼자만 남아있네..']
['말 같지도 않은 소리 그만해! 한시는 점심시간이란 말이야!']
['장염 걸려서 너무 아프다.. 밥도 못먹네..']
['드디어', '', '끝나간다!', '', '']
['동글동글 왕감자 대홍단 감자', '', '너무 커서 하나를 못다먹겠죠', '', '']
['지금은 남의땅', '', '빼앗긴 들에도 봄은 오는가', '', '나는 온 몸에 햇살을 받고', '', '푸른 하늘 푸른 들이 맞붙은 곳으로', '', '가르마 같은 논길을 따라', '', '꿈 속을 가듯 걸어만 간다.', '', '']
['그녀를 향한 내 마음은 마치 태양과 같다.', '', '아침에 일어나 그녀를 생각하는 내 가슴은 마치 태양과 같다.', '', '그녀를 생각하는 때면 마음이 따스해진다.', '', '']
['아 오늘 너무 힘들다..']
['오늘 하루종일 공부만 했네..']
['싸늘하다... 대흉근에 비수가 날아와 꽂힌다... 하지만 걱정하지마라.. 전완근은 눈보다 빠르니까..']
['내 삶은 왜 이 모양 이 꼬라지 일까? 하,,, 내 신세야,,,, 나는 왜 항상 이렇게 살아야 하는거야? 나는 너무 우울해서 진짜 죽고싶어 내일이 없었으면 좋겠어 그냥 죽어버렸으면 이 세상의 모두가 나를 잊어버렸으면 해']
['맥심 라이트를 주고 떠나간 그.... 나 혼자만 남아있네..']
['말 같지도 않은 소리 그만해! 한시는 점심시간이란 말이야!']
['장염 걸려서 너무 아프다.. 밥도 못먹네..']
['드디어', '', '끝나간다!', '', '']
['동글동글 왕감자 대홍단 감자', '', '너무 커서 하나를 못다먹겠죠', '', '']
['지금은 남의땅', '', '빼앗긴 들에도 봄은 오는가', '', '나는 온 몸에 햇살을 받고', '', '푸른 하늘 푸른 들이 맞붙은 곳으로', '', '가르마 같은 논길을 따라', '', '꿈 속을 가듯 걸어만 간다.', '', '']
['그녀를 향한 내 마음은 마치 태양과 같다.', '', '아침에 일어나 그녀를 생각하는 내 가슴은 마치 태양과 같다.', '', '그녀를 생각하는 때면 마음이 따스해진다.', '', '']
['아 오늘 너무 힘들다..']
['오늘 하루종일 공부만 했네..']
['싸늘하다... 대흉근에 비수가 날아와 꽂힌다... 하지만 걱정하지마라.. 전완근은 눈보다 빠르니까..']
['내 삶은 왜 이 모양 이 꼬라지 일까? 하,,, 내 신세야,,,, 나는 왜 항상 이렇게 살아야 하는거야? 나는 너무 우울해서 진짜 죽고싶어 내일이 없었으면 좋겠어 그냥 죽어버렸으면 이 세상의 모두가 나를 잊어버렸으면 해']
['맥심 라이트를 주고 떠나간 그.... 나 혼자만 남아있네..']
['말 같지도 않은 소리 그만해! 한시는 점심시간이란 말이야!']
['장염 걸려서 너무 아프다.. 밥도 못먹네..']
['드디어', '', '끝나간다!', '', '']
['동글동글 왕감자 대홍단 감자', '', '너무 커서 하나를 못다먹겠죠', '', '']
['지금은 남의땅', '', '빼앗긴 들에도 봄은 오는가', '', '나는 온 몸에 햇살을 받고', '', '푸른 하늘 푸른 들이 맞붙은 곳으로', '', '가르마 같은 논길을 따라', '', '꿈 속을 가듯 걸어만 간다.', '', '']
['그녀를 향한 내 마음은 마치 태양과 같다.', '', '아침에 일어나 그녀를 생각하는 내 가슴은 마치 태양과 같다.', '', '그녀를 생각하는 때면 마음이 따스해진다.', '', '']
['아 오늘 너무 힘들다..']
['오늘 하루종일 공부만 했네..']
['싸늘하다... 대흉근에 비수가 날아와 꽂힌다... 하지만 걱정하지마라.. 전완근은 눈보다 빠르니까..']
['내 삶은 왜 이 모양 이 꼬라지 일까? 하,,, 내 신세야,,,, 나는 왜 항상 이렇게 살아야 하는거야? 나는 너무 우울해서 진짜 죽고싶어 내일이 없었으면 좋겠어 그냥 죽어버렸으면 이 세상의 모두가 나를 잊어버렸으면 해']
['맥심 라이트를 주고 떠나간 그.... 나 혼자만 남아있네..']
['말 같지도 않은 소리 그만해! 한시는 점심시간이란 말이야!']
['장염 걸려서 너무 아프다.. 밥도 못먹네..']
['드디어', '', '끝나간다!', '', '']
['동글동글 왕감자 대홍단 감자', '', '너무 커서 하나를 못다먹겠죠', '', '']
['지금은 남의땅', '', '빼앗긴 들에도 봄은 오는가', '', '나는 온 몸에 햇살을 받고', '', '푸른 하늘 푸른 들이 맞붙은 곳으로', '', '가르마 같은 논길을 따라', '', '꿈 속을 가듯 걸어만 간다.', '', '']
['그녀를 향한 내 마음은 마치 태양과 같다.', '', '아침에 일어나 그녀를 생각하는 내 가슴은 마치 태양과 같다.', '', '그녀를 생각하는 때면 마음이 따스해진다.', '', '']
['아 오늘 너무 힘들다..']
['오늘 하루종일 공부만 했네..']
['싸늘하다... 대흉근에 비수가 날아와 꽂힌다... 하지만 걱정하지마라.. 전완근은 눈보다 빠르니까..'][16/Sep/2020 05:53:32] "GET /cold HTTP/1.1" 200 12497
[16/Sep/2020 05:53:32] "GET /cold HTTP/1.1" 200 12497
[16/Sep/2020 05:53:33] "GET /cold HTTP/1.1" 200 12497
[16/Sep/2020 05:53:33] "GET /cold HTTP/1.1" 200 12497
[16/Sep/2020 05:53:35] "GET /cold HTTP/1.1" 200 12497
System check identified some issues:

WARNINGS:
member.MemberInfo.age: (fields.W122) 'max_length' is ignored when used with IntegerField.
	HINT: Remove 'max_length' from field
member.MemberInfo.classification: (fields.W122) 'max_length' is ignored when used with IntegerField.
	HINT: Remove 'max_length' from field
member.MemberInfo.offerInfoAgree: (fields.W122) 'max_length' is ignored when used with IntegerField.
	HINT: Remove 'max_length' from field
member.MemberInfo.sex: (fields.W122) 'max_length' is ignored when used with IntegerField.
	HINT: Remove 'max_length' from field

System check identified 4 issues (0 silenced).
[16/Sep/2020 05:53:36] "GET /warm HTTP/1.1" 200 13360

['내 삶은 왜 이 모양 이 꼬라지 일까? 하,,, 내 신세야,,,, 나는 왜 항상 이렇게 살아야 하는거야? 나는 너무 우울해서 진짜 죽고싶어 내일이 없었으면 좋겠어 그냥 죽어버렸으면 이 세상의 모두가 나를 잊어버렸으면 해']
['맥심 라이트를 주고 떠나간 그.... 나 혼자만 남아있네..']
['말 같지도 않은 소리 그만해! 한시는 점심시간이란 말이야!']
['장염 걸려서 너무 아프다.. 밥도 못먹네..']
['드디어', '', '끝나간다!', '', '']
['동글동글 왕감자 대홍단 감자', '', '너무 커서 하나를 못다먹겠죠', '', '']
['지금은 남의땅', '', '빼앗긴 들에도 봄은 오는가', '', '나는 온 몸에 햇살을 받고', '', '푸른 하늘 푸른 들이 맞붙은 곳으로', '', '가르마 같은 논길을 따라', '', '꿈 속을 가듯 걸어만 간다.', '', '']
['그녀를 향한 내 마음은 마치 태양과 같다.', '', '아침에 일어나 그녀를 생각하는 내 가슴은 마치 태양과 같다.', '', '그녀를 생각하는 때면 마음이 따스해진다.', '', '']
['아 오늘 너무 힘들다..']
['오늘 하루종일 공부만 했네..']
['싸늘하다... 대흉근에 비수가 날아와 꽂힌다... 하지만 걱정하지마라.. 전완근은 눈보다 빠르니까..']
['내 삶은 왜 이 모양 이 꼬라지 일까? 하,,, 내 신세야,,,, 나는 왜 항상 이렇게 살아야 하는거야? 나는 너무 우울해서 진짜 죽고싶어 내일이 없었으면 좋겠어 그냥 죽어버렸으면 이 세상의 모두가 나를 잊어버렸으면 해']
['맥심 라이트를 주고 떠나간 그.... 나 혼자만 남아있네..']
['말 같지도 않은 소리 그만해! 한시는 점심시간이란 말이야!']
['장염 걸려서 너무 아프다.. 밥도 못먹네..']
['드디어', '', '끝나간다!', '', '']
['동글동글 왕감자 대홍단 감자', '', '너무 커서 하나를 못다먹겠죠', '', '']
['지금은 남의땅', '', '빼앗긴 들에도 봄은 오는가', '', '나는 온 몸에 햇살을 받고', '', '푸른 하늘 푸른 들이 맞붙은 곳으로', '', '가르마 같은 논길을 따라', '', '꿈 속을 가듯 걸어만 간다.', '', '']
['그녀를 향한 내 마음은 마치 태양과 같다.', '', '아침에 일어나 그녀를 생각하는 내 가슴은 마치 태양과 같다.', '', '그녀를 생각하는 때면 마음이 따스해진다.', '', '']
['아 오늘 너무 힘들다..']
['오늘 하루종일 공부만 했네..']
['싸늘하다... 대흉근에 비수가 날아와 꽂힌다... 하지만 걱정하지마라.. 전완근은 눈보다 빠르니까..']
['내 삶은 왜 이 모양 이 꼬라지 일까? 하,,, 내 신세야,,,, 나는 왜 항상 이렇게 살아야 하는거야? 나는 너무 우울해서 진짜 죽고싶어 내일이 없었으면 좋겠어 그냥 죽어버렸으면 이 세상의 모두가 나를 잊어버렸으면 해']
['맥심 라이트를 주고 떠나간 그.... 나 혼자만 남아있네..']
['말 같지도 않은 소리 그만해! 한시는 점심시간이란 말이야!']
['장염 걸려서 너무 아프다.. 밥도 못먹네..']
['드디어', '', '끝나간다!', '', '']
['동글동글 왕감자 대홍단 감자', '', '너무 커서 하나를 못다먹겠죠', '', '']
['지금은 남의땅', '', '빼앗긴 들에도 봄은 오는가', '', '나는 온 몸에 햇살을 받고', '', '푸른 하늘 푸른 들이 맞붙은 곳으로', '', '가르마 같은 논길을 따라', '', '꿈 속을 가듯 걸어만 간다.', '', '']
['그녀를 향한 내 마음은 마치 태양과 같다.', '', '아침에 일어나 그녀를 생각하는 내 가슴은 마치 태양과 같다.', '', '그녀를 생각하는 때면 마음이 따스해진다.', '', '']
['아 오늘 너무 힘들다..']
['오늘 하루종일 공부만 했네..']
['싸늘하다... 대흉근에 비수가 날아와 꽂힌다... 하지만 걱정하지마라.. 전완근은 눈보다 빠르니까..']
['내 삶은 왜 이 모양 이 꼬라지 일까? 하,,, 내 신세야,,,, 나는 왜 항상 이렇게 살아야 하는거야? 나는 너무 우울해서 진짜 죽고싶어 내일이 없었으면 좋겠어 그냥 죽어버렸으면 이 세상의 모두가 나를 잊어버렸으면 해']
['맥심 라이트를 주고 떠나간 그.... 나 혼자만 남아있네..']
['말 같지도 않은 소리 그만해! 한시는 점심시간이란 말이야!']
['장염 걸려서 너무 아프다.. 밥도 못먹네..']
['드디어', '', '끝나간다!', '', '']
['동글동글 왕감자 대홍단 감자', '', '너무 커서 하나를 못다먹겠죠', '', '']
['지금은 남의땅', '', '빼앗긴 들에도 봄은 오는가', '', '나는 온 몸에 햇살을 받고', '', '푸른 하늘 푸른 들이 맞붙은 곳으로', '', '가르마 같은 논길을 따라', '', '꿈 속을 가듯 걸어만 간다.', '', '']
['그녀를 향한 내 마음은 마치 태양과 같다.', '', '아침에 일어나 그녀를 생각하는 내 가슴은 마치 태양과 같다.', '', '그녀를 생각하는 때면 마음이 따스해진다.', '', '']
['아 오늘 너무 힘들다..']
['오늘 하루종일 공부만 했네..']
['싸늘하다... 대흉근에 비수가 날아와 꽂힌다... 하지만 걱정하지마라.. 전완근은 눈보다 빠르니까..']
['내 삶은 왜 이 모양 이 꼬라지 일까? 하,,, 내 신세야,,,, 나는 왜 항상 이렇게 살아야 하는거야? 나는 너무 우울해서 진짜 죽고싶어 내일이 없었으면 좋겠어 그냥 죽어버렸으면 이 세상의 모두가 나를 잊어버렸으면 해']
['맥심 라이트를 주고 떠나간 그.... 나 혼자만 남아있네..']
['말 같지도 않은 소리 그만해! 한시는 점심시간이란 말이야!']
['장염 걸려서 너무 아프다.. 밥도 못먹네..']
['드디어', '', '끝나간다!', '', '']
['동글동글 왕감자 대홍단 감자', '', '너무 커서 하나를 못다먹겠죠', '', '']
['지금은 남의땅', '', '빼앗긴 들에도 봄은 오는가', '', '나는 온 몸에 햇살을 받고', '', '푸른 하늘 푸른 들이 맞붙은 곳으로', '', '가르마 같은 논길을 따라', '', '꿈 속을 가듯 걸어만 간다.', '', '']
['그녀를 향한 내 마음은 마치 태양과 같다.', '', '아침에 일어나 그녀를 생각하는 내 가슴은 마치 태양과 같다.', '', '그녀를 생각하는 때면 마음이 따스해진다.', '', '']
['모자마술 한번 보실래요?']
['바람이 분다. 그녀가 스쳐지나간 자리에 바람이 분다. 부는 바람에 낙엽이 우수수 떨어진다. 바람이 불어와 옆구리를 간질이는 오늘 오늘따라 그녀가 떠오른다 왜 그때 잘해주지 못했을까']
['내 삶은 달걀..']
['2500만원 어디다가 쓴걸까?']
['머리가... 머리가... 머리부터 발끝까지 오로나민씨..']
['나 메이플할거얌 히히 신난당 가서 레벨업도 열심히 하고 멋진 플레이어가 되어야지!!!!!']
['오늘도', '', '정말', '', '힘든 하루..', '', '']
['파란하늘 파란하늘 꿈이 드리운 푸른 언덕에', '', '아기염소 여럿이 풀을 뜯고 놀아요', '', '해 처럼 맑은 얼굴로~', '', '']
['오늘은 어머니가 선물을 사다주셨답니다 ㅎㅎ', '', '정말 기뻐요! 이렇게 좋은 부모님과 살고 있어서 너무 행복해요 ㅎㅎ', '', '']
['마음을 따스하게 하는 것', '', '얼굴에 자연스레 미소를 짓게 하는 것', '', '사랑하는 이를 생각하면 자연스레 갖게 되는 것', '', '그것이 행복', '', '']
['난 네가 좋아 정말 난 네가좋아 이세상에서 가장 소중한 선물', '', '너는 특별해 정말 너는 특별해', '', '이세상에서 가장 소중한 친구야~', '', '']
['난 네가 좋아 정말 난 네가좋아 이세상에서 가장 소중한 선물', '', '너는 특별해 정말 너는 특별해', '', '이세상에서 가장 소중한 친구야~', '', '']
['우와 신난다!!']
['내 이름은 정서희입니다. 저는 컴퓨터 소프트웨어 공학과 학생입니다.\r', '저는 자바와 C++을 배웠습니다.']
['알고리즘 특강 실화냐..? 가슴이 웅장해진다..'][16/Sep/2020 05:53:38] "GET /hot HTTP/1.1" 200 7285
[16/Sep/2020 05:53:44] "GET /cold HTTP/1.1" 200 12497
[16/Sep/2020 05:54:39] "GET /cold HTTP/1.1" 200 12497
[16/Sep/2020 05:54:40] "GET /cold HTTP/1.1" 200 12497
[16/Sep/2020 06:00:45] "GET / HTTP/1.1" 200 23640
Invalid HTTP_HOST header: '127.0.0.1:8000'. You may need to add '127.0.0.1' to ALLOWED_HOSTS.
Bad Request: /api/
[16/Sep/2020 06:01:41] "GET /api/ HTTP/1.1" 400 62295
Not Found: /api/
[16/Sep/2020 06:29:16] "GET /api/ HTTP/1.1" 404 3280
Not Found: /api/
[16/Sep/2020 06:29:16] "GET /api/ HTTP/1.1" 404 3280
Not Found: /api/
[16/Sep/2020 06:29:20] "GET /api/ HTTP/1.1" 404 3280
Not Found: /api/
[16/Sep/2020 06:29:20] "GET /api/ HTTP/1.1" 404 3280
Not Found: /api/
[16/Sep/2020 06:29:22] "GET /api/ HTTP/1.1" 404 3280
Not Found: /api/
[16/Sep/2020 06:29:22] "GET /api/ HTTP/1.1" 404 3280
Not Found: /api/
[16/Sep/2020 06:29:26] "GET /api/ HTTP/1.1" 404 3280
Not Found: /api/
[16/Sep/2020 06:29:26] "GET /api/ HTTP/1.1" 404 3280
Not Found: /api/
[16/Sep/2020 06:29:34] "GET /api/ HTTP/1.1" 404 3280
Not Found: /api/
[16/Sep/2020 06:29:34] "GET /api/ HTTP/1.1" 404 3280

['옥수수도 좋고 감자도 좋아요~ 뭐든 좋죠!']
['아 오늘 너무 힘들다..']
['오늘 하루종일 공부만 했네..']
['싸늘하다... 대흉근에 비수가 날아와 꽂힌다... 하지만 걱정하지마라.. 전완근은 눈보다 빠르니까..']
['내 삶은 왜 이 모양 이 꼬라지 일까? 하,,, 내 신세야,,,, 나는 왜 항상 이렇게 살아야 하는거야? 나는 너무 우울해서 진짜 죽고싶어 내일이 없었으면 좋겠어 그냥 죽어버렸으면 이 세상의 모두가 나를 잊어버렸으면 해']
['맥심 라이트를 주고 떠나간 그.... 나 혼자만 남아있네..']
['말 같지도 않은 소리 그만해! 한시는 점심시간이란 말이야!']
['장염 걸려서 너무 아프다.. 밥도 못먹네..']
['드디어', '', '끝나간다!', '', '']
['동글동글 왕감자 대홍단 감자', '', '너무 커서 하나를 못다먹겠죠', '', '']
['지금은 남의땅', '', '빼앗긴 들에도 봄은 오는가', '', '나는 온 몸에 햇살을 받고', '', '푸른 하늘 푸른 들이 맞붙은 곳으로', '', '가르마 같은 논길을 따라', '', '꿈 속을 가듯 걸어만 간다.', '', '']
['그녀를 향한 내 마음은 마치 태양과 같다.', '', '아침에 일어나 그녀를 생각하는 내 가슴은 마치 태양과 같다.', '', '그녀를 생각하는 때면 마음이 따스해진다.', '', '']
['아 오늘 너무 힘들다..']
['오늘 하루종일 공부만 했네..']
['싸늘하다... 대흉근에 비수가 날아와 꽂힌다... 하지만 걱정하지마라.. 전완근은 눈보다 빠르니까..']
['내 삶은 왜 이 모양 이 꼬라지 일까? 하,,, 내 신세야,,,, 나는 왜 항상 이렇게 살아야 하는거야? 나는 너무 우울해서 진짜 죽고싶어 내일이 없었으면 좋겠어 그냥 죽어버렸으면 이 세상의 모두가 나를 잊어버렸으면 해']
['맥심 라이트를 주고 떠나간 그.... 나 혼자만 남아있네..']
['말 같지도 않은 소리 그만해! 한시는 점심시간이란 말이야!']
['장염 걸려서 너무 아프다.. 밥도 못먹네..']
['드디어', '', '끝나간다!', '', '']
['동글동글 왕감자 대홍단 감자', '', '너무 커서 하나를 못다먹겠죠', '', '']
['지금은 남의땅', '', '빼앗긴 들에도 봄은 오는가', '', '나는 온 몸에 햇살을 받고', '', '푸른 하늘 푸른 들이 맞붙은 곳으로', '', '가르마 같은 논길을 따라', '', '꿈 속을 가듯 걸어만 간다.', '', '']
['그녀를 향한 내 마음은 마치 태양과 같다.', '', '아침에 일어나 그녀를 생각하는 내 가슴은 마치 태양과 같다.', '', '그녀를 생각하는 때면 마음이 따스해진다.', '', '']
['아 오늘 너무 힘들다..']
['오늘 하루종일 공부만 했네..']
['싸늘하다... 대흉근에 비수가 날아와 꽂힌다... 하지만 걱정하지마라.. 전완근은 눈보다 빠르니까..']
['내 삶은 왜 이 모양 이 꼬라지 일까? 하,,, 내 신세야,,,, 나는 왜 항상 이렇게 살아야 하는거야? 나는 너무 우울해서 진짜 죽고싶어 내일이 없었으면 좋겠어 그냥 죽어버렸으면 이 세상의 모두가 나를 잊어버렸으면 해']
['맥심 라이트를 주고 떠나간 그.... 나 혼자만 남아있네..']
['말 같지도 않은 소리 그만해! 한시는 점심시간이란 말이야!']
['장염 걸려서 너무 아프다.. 밥도 못먹네..']
['드디어', '', '끝나간다!', '', '']
['동글동글 왕감자 대홍단 감자', '', '너무 커서 하나를 못다먹겠죠', '', '']
['지금은 남의땅', '', '빼앗긴 들에도 봄은 오는가', '', '나는 온 몸에 햇살을 받고', '', '푸른 하늘 푸른 들이 맞붙은 곳으로', '', '가르마 같은 논길을 따라', '', '꿈 속을 가듯 걸어만 간다.', '', '']
['그녀를 향한 내 마음은 마치 태양과 같다.', '', '아침에 일어나 그녀를 생각하는 내 가슴은 마치 태양과 같다.', '', '그녀를 생각하는 때면 마음이 따스해진다.', '', '']
['우와 신난다!!']
['아 오늘 너무 힘들다..']
['내 이름은 정서희입니다. 저는 컴퓨터 소프트웨어 공학과 학생입니다.\r', '저는 자바와 C++을 배웠습니다.']
['모자마술 한번 보실래요?']
['오늘 하루종일 공부만 했네..']
['싸늘하다... 대흉근에 비수가 날아와 꽂힌다... 하지만 걱정하지마라.. 전완근은 눈보다 빠르니까..']
['내 삶은 왜 이 모양 이 꼬라지 일까? 하,,, 내 신세야,,,, 나는 왜 항상 이렇게 살아야 하는거야? 나는 너무 우울해서 진짜 죽고싶어 내일이 없었으면 좋겠어 그냥 죽어버렸으면 이 세상의 모두가 나를 잊어버렸으면 해']
['바람이 분다. 그녀가 스쳐지나간 자리에 바람이 분다. 부는 바람에 낙엽이 우수수 떨어진다. 바람이 불어와 옆구리를 간질이는 오늘 오늘따라 그녀가 떠오른다 왜 그때 잘해주지 못했을까']
['내 삶은 달걀..']
['2500만원 어디다가 쓴걸까?']
['머리가... 머리가... 머리부터 발끝까지 오로나민씨..']
['알고리즘 특강 실화냐..? 가슴이 웅장해진다..']
['나 메이플할거얌 히히 신난당 가서 레벨업도 열심히 하고 멋진 플레이어가 되어야지!!!!!']
['맥심 라이트를 주고 떠나간 그.... 나 혼자만 남아있네..']
['말 같지도 않은 소리 그만해! 한시는 점심시간이란 말이야!']
['옥수수도 좋고 감자도 좋아요~ 뭐든 좋죠!']
['장염 걸려서 너무 아프다.. 밥도 못먹네..']
['드디어', '', '끝나간다!', '', '']
['오늘도', '', '정말', '', '힘든 하루..', '', '']
['동글동글 왕감자 대홍단 감자', '', '너무 커서 하나를 못다먹겠죠', '', '']
['파란하늘 파란하늘 꿈이 드리운 푸른 언덕에', '', '아기염소 여럿이 풀을 뜯고 놀아요', '', '해 처럼 맑은 얼굴로~', '', '']
['오늘은 어머니가 선물을 사다주셨답니다 ㅎㅎ', '', '정말 기뻐요! 이렇게 좋은 부모님과 살고 있어서 너무 행복해요 ㅎㅎ', '', '']
['마음을 따스하게 하는 것', '', '얼굴에 자연스레 미소를 짓게 하는 것', '', '사랑하는 이를 생각하면 자연스레 갖게 되는 것', '', '그것이 행복', '', '']
['난 네가 좋아 정말 난 네가좋아 이세상에서 가장 소중한 선물', '', '너는 특별해 정말 너는 특별해', '', '이세상에서 가장 소중한 친구야~', '', '']
['난 네가 좋아 정말 난 네가좋아 이세상에서 가장 소중한 선물', '', '너는 특별해 정말 너는 특별해', '', '이세상에서 가장 소중한 친구야~', '', '']
['지금은 남의땅', '', '빼앗긴 들에도 봄은 오는가', '', '나는 온 몸에 햇살을 받고', '', '푸른 하늘 푸른 들이 맞붙은 곳으로', '', '가르마 같은 논길을 따라', '', '꿈 속을 가듯 걸어만 간다.', '', '']
['그녀를 향한 내 마음은 마치 태양과 같다.', '', '아침에 일어나 그녀를 생각하는 내 가슴은 마치 태양과 같다.', '', '그녀를 생각하는 때면 마음이 따스해진다.', '', '']
['우와 신난다!!']
['아 오늘 너무 힘들다..']
['내 이름은 정서희입니다. 저는 컴퓨터 소프트웨어 공학과 학생입니다.\r', '저는 자바와 C++을 배웠습니다.']
['모자마술 한번 보실래요?']
['오늘 하루종일 공부만 했네..']
['싸늘하다... 대흉근에 비수가 날아와 꽂힌다... 하지만 걱정하지마라.. 전완근은 눈보다 빠르니까..']
['내 삶은 왜 이 모양 이 꼬라지 일까? 하,,, 내 신세야,,,, 나는 왜 항상 이렇게 살아야 하는거야? 나는 너무 우울해서 진짜 죽고싶어 내일이 없었으면 좋겠어 그냥 죽어버렸으면 이 세상의 모두가 나를 잊어버렸으면 해']
['바람이 분다. 그녀가 스쳐지나간 자리에 바람이 분다. 부는 바람에 낙엽이 우수수 떨어진다. 바람이 불어와 옆구리를 간질이는 오늘 오늘따라 그녀가 떠오른다 왜 그때 잘해주지 못했을까'][16/Sep/2020 10:02:11] "GET / HTTP/1.1" 200 6853
[16/Sep/2020 10:02:11] "GET /static/css/base.css HTTP/1.1" 200 1702
Not Found: /favicon.ico
[16/Sep/2020 10:02:11] "GET /favicon.ico HTTP/1.1" 404 3301
[16/Sep/2020 10:02:28] "GET / HTTP/1.1" 200 6853
[16/Sep/2020 10:02:56] "POST /member/signup/ HTTP/1.1" 200 149

['내 삶은 달걀..']
['2500만원 어디다가 쓴걸까?']
['머리가... 머리가... 머리부터 발끝까지 오로나민씨..']
['알고리즘 특강 실화냐..? 가슴이 웅장해진다..']
['나 메이플할거얌 히히 신난당 가서 레벨업도 열심히 하고 멋진 플레이어가 되어야지!!!!!']
['맥심 라이트를 주고 떠나간 그.... 나 혼자만 남아있네..']
['말 같지도 않은 소리 그만해! 한시는 점심시간이란 말이야!']
['옥수수도 좋고 감자도 좋아요~ 뭐든 좋죠!']
['장염 걸려서 너무 아프다.. 밥도 못먹네..']
['드디어', '', '끝나간다!', '', '']
['오늘도', '', '정말', '', '힘든 하루..', '', '']
['동글동글 왕감자 대홍단 감자', '', '너무 커서 하나를 못다먹겠죠', '', '']
['파란하늘 파란하늘 꿈이 드리운 푸른 언덕에', '', '아기염소 여럿이 풀을 뜯고 놀아요', '', '해 처럼 맑은 얼굴로~', '', '']
['오늘은 어머니가 선물을 사다주셨답니다 ㅎㅎ', '', '정말 기뻐요! 이렇게 좋은 부모님과 살고 있어서 너무 행복해요 ㅎㅎ', '', '']
['마음을 따스하게 하는 것', '', '얼굴에 자연스레 미소를 짓게 하는 것', '', '사랑하는 이를 생각하면 자연스레 갖게 되는 것', '', '그것이 행복', '', '']
['난 네가 좋아 정말 난 네가좋아 이세상에서 가장 소중한 선물', '', '너는 특별해 정말 너는 특별해', '', '이세상에서 가장 소중한 친구야~', '', '']
['난 네가 좋아 정말 난 네가좋아 이세상에서 가장 소중한 선물', '', '너는 특별해 정말 너는 특별해', '', '이세상에서 가장 소중한 친구야~', '', '']
['지금은 남의땅', '', '빼앗긴 들에도 봄은 오는가', '', '나는 온 몸에 햇살을 받고', '', '푸른 하늘 푸른 들이 맞붙은 곳으로', '', '가르마 같은 논길을 따라', '', '꿈 속을 가듯 걸어만 간다.', '', '']
['그녀를 향한 내 마음은 마치 태양과 같다.', '', '아침에 일어나 그녀를 생각하는 내 가슴은 마치 태양과 같다.', '', '그녀를 생각하는 때면 마음이 따스해진다.', '', '']
['우와 신난다!!']
['아 오늘 너무 힘들다..']
['내 이름은 정서희입니다. 저는 컴퓨터 소프트웨어 공학과 학생입니다.\r', '저는 자바와 C++을 배웠습니다.']
['모자마술 한번 보실래요?']
['오늘 하루종일 공부만 했네..']
['싸늘하다... 대흉근에 비수가 날아와 꽂힌다... 하지만 걱정하지마라.. 전완근은 눈보다 빠르니까..']
['내 삶은 왜 이 모양 이 꼬라지 일까? 하,,, 내 신세야,,,, 나는 왜 항상 이렇게 살아야 하는거야? 나는 너무 우울해서 진짜 죽고싶어 내일이 없었으면 좋겠어 그냥 죽어버렸으면 이 세상의 모두가 나를 잊어버렸으면 해']
['바람이 분다. 그녀가 스쳐지나간 자리에 바람이 분다. 부는 바람에 낙엽이 우수수 떨어진다. 바람이 불어와 옆구리를 간질이는 오늘 오늘따라 그녀가 떠오른다 왜 그때 잘해주지 못했을까']
['내 삶은 달걀..']
['2500만원 어디다가 쓴걸까?']
['머리가... 머리가... 머리부터 발끝까지 오로나민씨..']
['알고리즘 특강 실화냐..? 가슴이 웅장해진다..']
['나 메이플할거얌 히히 신난당 가서 레벨업도 열심히 하고 멋진 플레이어가 되어야지!!!!!']
['맥심 라이트를 주고 떠나간 그.... 나 혼자만 남아있네..']
['말 같지도 않은 소리 그만해! 한시는 점심시간이란 말이야!']
['옥수수도 좋고 감자도 좋아요~ 뭐든 좋죠!']
['장염 걸려서 너무 아프다.. 밥도 못먹네..']
['드디어', '', '끝나간다!', '', '']
['오늘도', '', '정말', '', '힘든 하루..', '', '']
['동글동글 왕감자 대홍단 감자', '', '너무 커서 하나를 못다먹겠죠', '', '']
['파란하늘 파란하늘 꿈이 드리운 푸른 언덕에', '', '아기염소 여럿이 풀을 뜯고 놀아요', '', '해 처럼 맑은 얼굴로~', '', '']
['오늘은 어머니가 선물을 사다주셨답니다 ㅎㅎ', '', '정말 기뻐요! 이렇게 좋은 부모님과 살고 있어서 너무 행복해요 ㅎㅎ', '', '']
['마음을 따스하게 하는 것', '', '얼굴에 자연스레 미소를 짓게 하는 것', '', '사랑하는 이를 생각하면 자연스레 갖게 되는 것', '', '그것이 행복', '', '']
['난 네가 좋아 정말 난 네가좋아 이세상에서 가장 소중한 선물', '', '너는 특별해 정말 너는 특별해', '', '이세상에서 가장 소중한 친구야~', '', '']
['난 네가 좋아 정말 난 네가좋아 이세상에서 가장 소중한 선물', '', '너는 특별해 정말 너는 특별해', '', '이세상에서 가장 소중한 친구야~', '', '']
['지금은 남의땅', '', '빼앗긴 들에도 봄은 오는가', '', '나는 온 몸에 햇살을 받고', '', '푸른 하늘 푸른 들이 맞붙은 곳으로', '', '가르마 같은 논길을 따라', '', '꿈 속을 가듯 걸어만 간다.', '', '']
['그녀를 향한 내 마음은 마치 태양과 같다.', '', '아침에 일어나 그녀를 생각하는 내 가슴은 마치 태양과 같다.', '', '그녀를 생각하는 때면 마음이 따스해진다.', '', '']
dasdsa
['우와 신난다!!']
['아 오늘 너무 힘들다..']
['내 이름은 정서희입니다. 저는 컴퓨터 소프트웨어 공학과 학생입니다.\r', '저는 자바와 C++을 배웠습니다.']
['모자마술 한번 보실래요?']
['오늘 하루종일 공부만 했네..']
['싸늘하다... 대흉근에 비수가 날아와 꽂힌다... 하지만 걱정하지마라.. 전완근은 눈보다 빠르니까..']
['내 삶은 왜 이 모양 이 꼬라지 일까? 하,,, 내 신세야,,,, 나는 왜 항상 이렇게 살아야 하는거야? 나는 너무 우울해서 진짜 죽고싶어 내일이 없었으면 좋겠어 그냥 죽어버렸으면 이 세상의 모두가 나를 잊어버렸으면 해']
['바람이 분다. 그녀가 스쳐지나간 자리에 바람이 분다. 부는 바람에 낙엽이 우수수 떨어진다. 바람이 불어와 옆구리를 간질이는 오늘 오늘따라 그녀가 떠오른다 왜 그때 잘해주지 못했을까']
['내 삶은 달걀..']
['2500만원 어디다가 쓴걸까?']
['머리가... 머리가... 머리부터 발끝까지 오로나민씨..']
['알고리즘 특강 실화냐..? 가슴이 웅장해진다..']
['나 메이플할거얌 히히 신난당 가서 레벨업도 열심히 하고 멋진 플레이어가 되어야지!!!!!']
['맥심 라이트를 주고 떠나간 그.... 나 혼자만 남아있네..']
['말 같지도 않은 소리 그만해! 한시는 점심시간이란 말이야!']
['옥수수도 좋고 감자도 좋아요~ 뭐든 좋죠!']
['장염 걸려서 너무 아프다.. 밥도 못먹네..']
['드디어', '', '끝나간다!', '', '']
['오늘도', '', '정말', '', '힘든 하루..', '', '']
['동글동글 왕감자 대홍단 감자', '', '너무 커서 하나를 못다먹겠죠', '', '']
['파란하늘 파란하늘 꿈이 드리운 푸른 언덕에', '', '아기염소 여럿이 풀을 뜯고 놀아요', '', '해 처럼 맑은 얼굴로~', '', '']
['오늘은 어머니가 선물을 사다주셨답니다 ㅎㅎ', '', '정말 기뻐요! 이렇게 좋은 부모님과 살고 있어서 너무 행복해요 ㅎㅎ', '', '']
['마음을 따스하게 하는 것', '', '얼굴에 자연스레 미소를 짓게 하는 것', '', '사랑하는 이를 생각하면 자연스레 갖게 되는 것', '', '그것이 행복', '', '']
['난 네가 좋아 정말 난 네가좋아 이세상에서 가장 소중한 선물', '', '너는 특별해 정말 너는 특별해', '', '이세상에서 가장 소중한 친구야~', '', '']
['난 네가 좋아 정말 난 네가좋아 이세상에서 가장 소중한 선물', '', '너는 특별해 정말 너는 특별해', '', '이세상에서 가장 소중한 친구야~', '', '']
['지금은 남의땅', '', '빼앗긴 들에도 봄은 오는가', '', '나는 온 몸에 햇살을 받고', '', '푸른 하늘 푸른 들이 맞붙은 곳으로', '', '가르마 같은 논길을 따라', '', '꿈 속을 가듯 걸어만 간다.', '', ''][16/Sep/2020 10:02:57] "GET / HTTP/1.1" 200 6853
[16/Sep/2020 10:03:18] "POST /member/signup/ HTTP/1.1" 200 149
[16/Sep/2020 10:03:20] "GET / HTTP/1.1" 200 6853
[16/Sep/2020 10:33:09] "GET / HTTP/1.1" 200 6853
[16/Sep/2020 10:33:09] "GET /static/css/base.css HTTP/1.1" 304 0
[16/Sep/2020 10:33:16] "GET /admin/ HTTP/1.1" 302 0
[16/Sep/2020 10:33:16] "GET /admin/login/?next=/admin/ HTTP/1.1" 200 2194
[16/Sep/2020 10:33:16] "GET /static/admin/css/nav_sidebar.css HTTP/1.1" 304 0
[16/Sep/2020 10:33:16] "GET /static/admin/css/base.css HTTP/1.1" 304 0
[16/Sep/2020 10:33:16] "GET /static/admin/css/login.css HTTP/1.1" 304 0
[16/Sep/2020 10:33:16] "GET /static/admin/css/responsive.css HTTP/1.1" 304 0
[16/Sep/2020 10:33:16] "GET /static/admin/js/nav_sidebar.js HTTP/1.1" 304 0
[16/Sep/2020 10:33:17] "GET /admin/ HTTP/1.1" 302 0
[16/Sep/2020 10:33:17] "GET /admin/login/?next=/admin/ HTTP/1.1" 200 2194
[16/Sep/2020 10:33:17] "GET /static/admin/css/fonts.css HTTP/1.1" 304 0
[16/Sep/2020 10:33:17] "GET /static/admin/fonts/Roboto-Light-webfont.woff HTTP/1.1" 304 0
[16/Sep/2020 10:33:17] "GET /static/admin/fonts/Roboto-Regular-webfont.woff HTTP/1.1" 304 0
[16/Sep/2020 10:33:20] "POST /admin/login/?next=/admin/ HTTP/1.1" 302 0
[16/Sep/2020 10:33:20] "GET /admin/ HTTP/1.1" 200 7132
[16/Sep/2020 10:33:21] "GET /static/admin/css/dashboard.css HTTP/1.1" 304 0
[16/Sep/2020 10:33:21] "GET /static/admin/img/icon-deletelink.svg HTTP/1.1" 304 0
[16/Sep/2020 10:33:21] "GET /static/admin/img/icon-addlink.svg HTTP/1.1" 304 0
[16/Sep/2020 10:33:21] "GET /static/admin/img/icon-changelink.svg HTTP/1.1" 304 0
[16/Sep/2020 10:33:21] "GET /static/admin/fonts/Roboto-Bold-webfont.woff HTTP/1.1" 304 0
[16/Sep/2020 10:33:23] "GET /admin/member/memberinfo/ HTTP/1.1" 200 7551
[16/Sep/2020 10:33:23] "GET /static/admin/css/changelists.css HTTP/1.1" 304 0
[16/Sep/2020 10:33:23] "GET /static/admin/js/jquery.init.js HTTP/1.1" 304 0
[16/Sep/2020 10:33:23] "GET /static/admin/js/core.js HTTP/1.1" 304 0
[16/Sep/2020 10:33:23] "GET /static/admin/js/vendor/jquery/jquery.js HTTP/1.1" 304 0
[16/Sep/2020 10:33:23] "GET /static/admin/js/admin/RelatedObjectLookups.js HTTP/1.1" 304 0
[16/Sep/2020 10:33:23] "GET /admin/jsi18n/ HTTP/1.1" 200 3187
[16/Sep/2020 10:33:23] "GET /static/admin/js/actions.js HTTP/1.1" 304 0
[16/Sep/2020 10:33:23] "GET /static/admin/js/urlify.js HTTP/1.1" 304 0
[16/Sep/2020 10:33:23] "GET /static/admin/js/prepopulate.js HTTP/1.1" 304 0
[16/Sep/2020 10:33:23] "GET /static/admin/js/vendor/xregexp/xregexp.js HTTP/1.1" 304 0
[16/Sep/2020 10:33:23] "GET /static/admin/img/tooltag-add.svg HTTP/1.1" 304 0
[16/Sep/2020 10:33:25] "GET /admin/member/memberinfo/test2/change/ HTTP/1.1" 200 11937
[16/Sep/2020 10:33:25] "GET /static/admin/js/prepopulate_init.js HTTP/1.1" 304 0
[16/Sep/2020 10:33:25] "GET /static/admin/css/forms.css HTTP/1.1" 304 0
[16/Sep/2020 10:33:25] "GET /admin/jsi18n/ HTTP/1.1" 200 3187
[16/Sep/2020 10:33:25] "GET /static/admin/css/widgets.css HTTP/1.1" 304 0
[16/Sep/2020 10:33:25] "GET /static/admin/js/change_form.js HTTP/1.1" 304 0
[16/Sep/2020 10:33:26] "GET /admin/member/memberinfo/ HTTP/1.1" 200 7551

['그녀를 향한 내 마음은 마치 태양과 같다.', '', '아침에 일어나 그녀를 생각하는 내 가슴은 마치 태양과 같다.', '', '그녀를 생각하는 때면 마음이 따스해진다.', '', '']
dasdsa
['우와 신난다!!']
['아 오늘 너무 힘들다..']
['내 이름은 정서희입니다. 저는 컴퓨터 소프트웨어 공학과 학생입니다.\r', '저는 자바와 C++을 배웠습니다.']
['모자마술 한번 보실래요?']
['오늘 하루종일 공부만 했네..']
['싸늘하다... 대흉근에 비수가 날아와 꽂힌다... 하지만 걱정하지마라.. 전완근은 눈보다 빠르니까..']
['내 삶은 왜 이 모양 이 꼬라지 일까? 하,,, 내 신세야,,,, 나는 왜 항상 이렇게 살아야 하는거야? 나는 너무 우울해서 진짜 죽고싶어 내일이 없었으면 좋겠어 그냥 죽어버렸으면 이 세상의 모두가 나를 잊어버렸으면 해']
['바람이 분다. 그녀가 스쳐지나간 자리에 바람이 분다. 부는 바람에 낙엽이 우수수 떨어진다. 바람이 불어와 옆구리를 간질이는 오늘 오늘따라 그녀가 떠오른다 왜 그때 잘해주지 못했을까']
['내 삶은 달걀..']
['2500만원 어디다가 쓴걸까?']
['머리가... 머리가... 머리부터 발끝까지 오로나민씨..']
['알고리즘 특강 실화냐..? 가슴이 웅장해진다..']
['나 메이플할거얌 히히 신난당 가서 레벨업도 열심히 하고 멋진 플레이어가 되어야지!!!!!']
['맥심 라이트를 주고 떠나간 그.... 나 혼자만 남아있네..']
['말 같지도 않은 소리 그만해! 한시는 점심시간이란 말이야!']
['옥수수도 좋고 감자도 좋아요~ 뭐든 좋죠!']
['장염 걸려서 너무 아프다.. 밥도 못먹네..']
['드디어', '', '끝나간다!', '', '']
['오늘도', '', '정말', '', '힘든 하루..', '', '']
['동글동글 왕감자 대홍단 감자', '', '너무 커서 하나를 못다먹겠죠', '', '']
['파란하늘 파란하늘 꿈이 드리운 푸른 언덕에', '', '아기염소 여럿이 풀을 뜯고 놀아요', '', '해 처럼 맑은 얼굴로~', '', '']
['오늘은 어머니가 선물을 사다주셨답니다 ㅎㅎ', '', '정말 기뻐요! 이렇게 좋은 부모님과 살고 있어서 너무 행복해요 ㅎㅎ', '', '']
['마음을 따스하게 하는 것', '', '얼굴에 자연스레 미소를 짓게 하는 것', '', '사랑하는 이를 생각하면 자연스레 갖게 되는 것', '', '그것이 행복', '', '']
['난 네가 좋아 정말 난 네가좋아 이세상에서 가장 소중한 선물', '', '너는 특별해 정말 너는 특별해', '', '이세상에서 가장 소중한 친구야~', '', '']
['난 네가 좋아 정말 난 네가좋아 이세상에서 가장 소중한 선물', '', '너는 특별해 정말 너는 특별해', '', '이세상에서 가장 소중한 친구야~', '', '']
['지금은 남의땅', '', '빼앗긴 들에도 봄은 오는가', '', '나는 온 몸에 햇살을 받고', '', '푸른 하늘 푸른 들이 맞붙은 곳으로', '', '가르마 같은 논길을 따라', '', '꿈 속을 가듯 걸어만 간다.', '', '']
['그녀를 향한 내 마음은 마치 태양과 같다.', '', '아침에 일어나 그녀를 생각하는 내 가슴은 마치 태양과 같다.', '', '그녀를 생각하는 때면 마음이 따스해진다.', '', '']
['우와 신난다!!']
['아 오늘 너무 힘들다..']
['내 이름은 정서희입니다. 저는 컴퓨터 소프트웨어 공학과 학생입니다.\r', '저는 자바와 C++을 배웠습니다.']
['모자마술 한번 보실래요?']
['오늘 하루종일 공부만 했네..']
['싸늘하다... 대흉근에 비수가 날아와 꽂힌다... 하지만 걱정하지마라.. 전완근은 눈보다 빠르니까..']
['내 삶은 왜 이 모양 이 꼬라지 일까? 하,,, 내 신세야,,,, 나는 왜 항상 이렇게 살아야 하는거야? 나는 너무 우울해서 진짜 죽고싶어 내일이 없었으면 좋겠어 그냥 죽어버렸으면 이 세상의 모두가 나를 잊어버렸으면 해']
['바람이 분다. 그녀가 스쳐지나간 자리에 바람이 분다. 부는 바람에 낙엽이 우수수 떨어진다. 바람이 불어와 옆구리를 간질이는 오늘 오늘따라 그녀가 떠오른다 왜 그때 잘해주지 못했을까']
['내 삶은 달걀..']
['2500만원 어디다가 쓴걸까?']
['머리가... 머리가... 머리부터 발끝까지 오로나민씨..']
['알고리즘 특강 실화냐..? 가슴이 웅장해진다..']
['나 메이플할거얌 히히 신난당 가서 레벨업도 열심히 하고 멋진 플레이어가 되어야지!!!!!']
['맥심 라이트를 주고 떠나간 그.... 나 혼자만 남아있네..']
['말 같지도 않은 소리 그만해! 한시는 점심시간이란 말이야!']
['옥수수도 좋고 감자도 좋아요~ 뭐든 좋죠!']
['장염 걸려서 너무 아프다.. 밥도 못먹네..']
['드디어', '', '끝나간다!', '', '']
['오늘도', '', '정말', '', '힘든 하루..', '', '']
['동글동글 왕감자 대홍단 감자', '', '너무 커서 하나를 못다먹겠죠', '', '']
['파란하늘 파란하늘 꿈이 드리운 푸른 언덕에', '', '아기염소 여럿이 풀을 뜯고 놀아요', '', '해 처럼 맑은 얼굴로~', '', '']
['오늘은 어머니가 선물을 사다주셨답니다 ㅎㅎ', '', '정말 기뻐요! 이렇게 좋은 부모님과 살고 있어서 너무 행복해요 ㅎㅎ', '', '']
['마음을 따스하게 하는 것', '', '얼굴에 자연스레 미소를 짓게 하는 것', '', '사랑하는 이를 생각하면 자연스레 갖게 되는 것', '', '그것이 행복', '', '']
['난 네가 좋아 정말 난 네가좋아 이세상에서 가장 소중한 선물', '', '너는 특별해 정말 너는 특별해', '', '이세상에서 가장 소중한 친구야~', '', '']
['난 네가 좋아 정말 난 네가좋아 이세상에서 가장 소중한 선물', '', '너는 특별해 정말 너는 특별해', '', '이세상에서 가장 소중한 친구야~', '', '']
['지금은 남의땅', '', '빼앗긴 들에도 봄은 오는가', '', '나는 온 몸에 햇살을 받고', '', '푸른 하늘 푸른 들이 맞붙은 곳으로', '', '가르마 같은 논길을 따라', '', '꿈 속을 가듯 걸어만 간다.', '', '']
['그녀를 향한 내 마음은 마치 태양과 같다.', '', '아침에 일어나 그녀를 생각하는 내 가슴은 마치 태양과 같다.', '', '그녀를 생각하는 때면 마음이 따스해진다.', '', '']
['우와 신난다!!']
['아 오늘 너무 힘들다..']
['내 이름은 정서희입니다. 저는 컴퓨터 소프트웨어 공학과 학생입니다.\r', '저는 자바와 C++을 배웠습니다.']
['모자마술 한번 보실래요?']
['오늘 하루종일 공부만 했네..']
['싸늘하다... 대흉근에 비수가 날아와 꽂힌다... 하지만 걱정하지마라.. 전완근은 눈보다 빠르니까..']
['내 삶은 왜 이 모양 이 꼬라지 일까? 하,,, 내 신세야,,,, 나는 왜 항상 이렇게 살아야 하는거야? 나는 너무 우울해서 진짜 죽고싶어 내일이 없었으면 좋겠어 그냥 죽어버렸으면 이 세상의 모두가 나를 잊어버렸으면 해']
['바람이 분다. 그녀가 스쳐지나간 자리에 바람이 분다. 부는 바람에 낙엽이 우수수 떨어진다. 바람이 불어와 옆구리를 간질이는 오늘 오늘따라 그녀가 떠오른다 왜 그때 잘해주지 못했을까']
['내 삶은 달걀..']
['2500만원 어디다가 쓴걸까?']
['머리가... 머리가... 머리부터 발끝까지 오로나민씨..']
['알고리즘 특강 실화냐..? 가슴이 웅장해진다..']
['나 메이플할거얌 히히 신난당 가서 레벨업도 열심히 하고 멋진 플레이어가 되어야지!!!!!']
['맥심 라이트를 주고 떠나간 그.... 나 혼자만 남아있네..']
['말 같지도 않은 소리 그만해! 한시는 점심시간이란 말이야!']
['옥수수도 좋고 감자도 좋아요~ 뭐든 좋죠!']
['장염 걸려서 너무 아프다.. 밥도 못먹네..']
['드디어', '', '끝나간다!', '', '']
['오늘도', '', '정말', '', '힘든 하루..', '', ''][16/Sep/2020 10:42:27] "GET / HTTP/1.1" 200 6853
[16/Sep/2020 12:22:36] "GET /admin HTTP/1.1" 301 0
[16/Sep/2020 12:22:36] "GET /admin/ HTTP/1.1" 200 7132
[16/Sep/2020 12:22:36] "GET /static/admin/css/nav_sidebar.css HTTP/1.1" 200 1942
[16/Sep/2020 12:22:36] "GET /static/admin/css/base.css HTTP/1.1" 200 16307
[16/Sep/2020 12:22:36] "GET /static/admin/js/nav_sidebar.js HTTP/1.1" 200 1360
[16/Sep/2020 12:22:36] "GET /static/admin/css/dashboard.css HTTP/1.1" 200 380
[16/Sep/2020 12:22:36] "GET /static/admin/css/responsive.css HTTP/1.1" 200 18617
[16/Sep/2020 12:22:36] "GET /admin/ HTTP/1.1" 200 7132
[16/Sep/2020 12:22:36] "GET /static/admin/css/fonts.css HTTP/1.1" 200 423
[16/Sep/2020 12:22:36] "GET /static/admin/img/icon-deletelink.svg HTTP/1.1" 200 392
[16/Sep/2020 12:22:36] "GET /static/admin/img/icon-changelink.svg HTTP/1.1" 200 380
[16/Sep/2020 12:22:36] "GET /static/admin/img/icon-addlink.svg HTTP/1.1" 200 331
Not Found: /favicon.ico
[16/Sep/2020 12:22:36] "GET /favicon.ico HTTP/1.1" 404 3301
[16/Sep/2020 12:22:36] "GET /static/admin/fonts/Roboto-Regular-webfont.woff HTTP/1.1" 200 85876
[16/Sep/2020 12:22:36] "GET /static/admin/fonts/Roboto-Light-webfont.woff HTTP/1.1" 200 85692
[16/Sep/2020 12:22:36] "GET /static/admin/fonts/Roboto-Bold-webfont.woff HTTP/1.1" 200 86184
[16/Sep/2020 12:22:38] "GET /admin/member/memberinfo/ HTTP/1.1" 200 7551
[16/Sep/2020 12:22:38] "GET /static/admin/js/jquery.init.js HTTP/1.1" 200 347
[16/Sep/2020 12:22:38] "GET /static/admin/js/admin/RelatedObjectLookups.js HTTP/1.1" 200 6078
[16/Sep/2020 12:22:38] "GET /static/admin/js/core.js HTTP/1.1" 200 5418
[16/Sep/2020 12:22:38] "GET /static/admin/css/changelists.css HTTP/1.1" 200 6306
[16/Sep/2020 12:22:38] "GET /static/admin/js/actions.js HTTP/1.1" 200 6783
[16/Sep/2020 12:22:38] "GET /static/admin/js/prepopulate.js HTTP/1.1" 200 1531
[16/Sep/2020 12:22:38] "GET /static/admin/js/urlify.js HTTP/1.1" 200 8632
[16/Sep/2020 12:22:38] "GET /admin/jsi18n/ HTTP/1.1" 200 3187
[16/Sep/2020 12:22:38] "GET /static/admin/js/vendor/jquery/jquery.js HTTP/1.1" 200 287630
[16/Sep/2020 12:22:38] "GET /static/admin/js/vendor/xregexp/xregexp.js HTTP/1.1" 200 232381
[16/Sep/2020 12:22:38] "GET /static/admin/img/tooltag-add.svg HTTP/1.1" 200 331
[16/Sep/2020 12:22:41] "GET /admin/member/memberinfo/test2/change/ HTTP/1.1" 200 11937
[16/Sep/2020 12:22:41] "GET /static/admin/css/forms.css HTTP/1.1" 200 8399
[16/Sep/2020 12:22:41] "GET /static/admin/js/prepopulate_init.js HTTP/1.1" 200 492
[16/Sep/2020 12:22:41] "GET /admin/jsi18n/ HTTP/1.1" 200 3187
[16/Sep/2020 12:22:41] "GET /static/admin/css/widgets.css HTTP/1.1" 200 10592
[16/Sep/2020 12:22:41] "GET /static/admin/js/change_form.js HTTP/1.1" 200 606
[16/Sep/2020 12:23:09] "GET /admin/member/memberinfo/ HTTP/1.1" 200 7551
Not Found: /api/
[16/Sep/2020 12:28:31] "GET /api/ HTTP/1.1" 404 3280
Not Found: /api/
[16/Sep/2020 12:28:32] "GET /api/ HTTP/1.1" 404 3280
Not Found: /api/
[16/Sep/2020 12:28:35] "GET /api/ HTTP/1.1" 404 3280
Not Found: /api/
[16/Sep/2020 12:28:35] "GET /api/ HTTP/1.1" 404 3280
Not Found: /api/
[16/Sep/2020 12:28:41] "GET /api/ HTTP/1.1" 404 3280
Not Found: /api/
[16/Sep/2020 12:28:41] "GET /api/ HTTP/1.1" 404 3280
Not Found: /api/
[16/Sep/2020 12:28:45] "GET /api/ HTTP/1.1" 404 3280
Not Found: /api/
[16/Sep/2020 12:28:45] "GET /api/ HTTP/1.1" 404 3280
[16/Sep/2020 14:14:29] "GET / HTTP/1.1" 200 23640
[16/Sep/2020 14:14:29] "GET /static/css/base.css HTTP/1.1" 200 1702
[16/Sep/2020 14:14:30] "GET /static/images/logout.png HTTP/1.1" 200 6486
[16/Sep/2020 14:14:30] "GET /static/images/search.png HTTP/1.1" 200 12988
[16/Sep/2020 14:14:30] "GET /static/images/write_new.png HTTP/1.1" 200 24034
[16/Sep/2020 14:14:30] "GET /static/images/bell_white.png HTTP/1.1" 200 343071
Not Found: /favicon.ico
[16/Sep/2020 14:14:30] "GET /favicon.ico HTTP/1.1" 404 3301
[16/Sep/2020 14:14:34] "GET /member/logout HTTP/1.1" 301 0
[16/Sep/2020 14:14:34] "GET /member/logout/ HTTP/1.1" 302 0
[16/Sep/2020 14:14:34] "GET / HTTP/1.1" 200 6853
[16/Sep/2020 14:14:40] "POST /member/signin/ HTTP/1.1" 302 0

['동글동글 왕감자 대홍단 감자', '', '너무 커서 하나를 못다먹겠죠', '', '']
['파란하늘 파란하늘 꿈이 드리운 푸른 언덕에', '', '아기염소 여럿이 풀을 뜯고 놀아요', '', '해 처럼 맑은 얼굴로~', '', '']
['오늘은 어머니가 선물을 사다주셨답니다 ㅎㅎ', '', '정말 기뻐요! 이렇게 좋은 부모님과 살고 있어서 너무 행복해요 ㅎㅎ', '', '']
['마음을 따스하게 하는 것', '', '얼굴에 자연스레 미소를 짓게 하는 것', '', '사랑하는 이를 생각하면 자연스레 갖게 되는 것', '', '그것이 행복', '', '']
['난 네가 좋아 정말 난 네가좋아 이세상에서 가장 소중한 선물', '', '너는 특별해 정말 너는 특별해', '', '이세상에서 가장 소중한 친구야~', '', '']
['난 네가 좋아 정말 난 네가좋아 이세상에서 가장 소중한 선물', '', '너는 특별해 정말 너는 특별해', '', '이세상에서 가장 소중한 친구야~', '', '']
['지금은 남의땅', '', '빼앗긴 들에도 봄은 오는가', '', '나는 온 몸에 햇살을 받고', '', '푸른 하늘 푸른 들이 맞붙은 곳으로', '', '가르마 같은 논길을 따라', '', '꿈 속을 가듯 걸어만 간다.', '', '']
['그녀를 향한 내 마음은 마치 태양과 같다.', '', '아침에 일어나 그녀를 생각하는 내 가슴은 마치 태양과 같다.', '', '그녀를 생각하는 때면 마음이 따스해진다.', '', '']
['우와 신난다!!']
['아 오늘 너무 힘들다..']
['내 이름은 정서희입니다. 저는 컴퓨터 소프트웨어 공학과 학생입니다.\r', '저는 자바와 C++을 배웠습니다.']
['모자마술 한번 보실래요?']
['오늘 하루종일 공부만 했네..']
['싸늘하다... 대흉근에 비수가 날아와 꽂힌다... 하지만 걱정하지마라.. 전완근은 눈보다 빠르니까..']
['내 삶은 왜 이 모양 이 꼬라지 일까? 하,,, 내 신세야,,,, 나는 왜 항상 이렇게 살아야 하는거야? 나는 너무 우울해서 진짜 죽고싶어 내일이 없었으면 좋겠어 그냥 죽어버렸으면 이 세상의 모두가 나를 잊어버렸으면 해']
['바람이 분다. 그녀가 스쳐지나간 자리에 바람이 분다. 부는 바람에 낙엽이 우수수 떨어진다. 바람이 불어와 옆구리를 간질이는 오늘 오늘따라 그녀가 떠오른다 왜 그때 잘해주지 못했을까']
['내 삶은 달걀..']
['2500만원 어디다가 쓴걸까?']
['머리가... 머리가... 머리부터 발끝까지 오로나민씨..']
['알고리즘 특강 실화냐..? 가슴이 웅장해진다..']
['나 메이플할거얌 히히 신난당 가서 레벨업도 열심히 하고 멋진 플레이어가 되어야지!!!!!']
['맥심 라이트를 주고 떠나간 그.... 나 혼자만 남아있네..']
['말 같지도 않은 소리 그만해! 한시는 점심시간이란 말이야!']
['옥수수도 좋고 감자도 좋아요~ 뭐든 좋죠!']
['장염 걸려서 너무 아프다.. 밥도 못먹네..']
['드디어', '', '끝나간다!', '', '']
['오늘도', '', '정말', '', '힘든 하루..', '', '']
['동글동글 왕감자 대홍단 감자', '', '너무 커서 하나를 못다먹겠죠', '', '']
['파란하늘 파란하늘 꿈이 드리운 푸른 언덕에', '', '아기염소 여럿이 풀을 뜯고 놀아요', '', '해 처럼 맑은 얼굴로~', '', '']
['오늘은 어머니가 선물을 사다주셨답니다 ㅎㅎ', '', '정말 기뻐요! 이렇게 좋은 부모님과 살고 있어서 너무 행복해요 ㅎㅎ', '', '']
['마음을 따스하게 하는 것', '', '얼굴에 자연스레 미소를 짓게 하는 것', '', '사랑하는 이를 생각하면 자연스레 갖게 되는 것', '', '그것이 행복', '', '']
['난 네가 좋아 정말 난 네가좋아 이세상에서 가장 소중한 선물', '', '너는 특별해 정말 너는 특별해', '', '이세상에서 가장 소중한 친구야~', '', '']
['난 네가 좋아 정말 난 네가좋아 이세상에서 가장 소중한 선물', '', '너는 특별해 정말 너는 특별해', '', '이세상에서 가장 소중한 친구야~', '', '']
['지금은 남의땅', '', '빼앗긴 들에도 봄은 오는가', '', '나는 온 몸에 햇살을 받고', '', '푸른 하늘 푸른 들이 맞붙은 곳으로', '', '가르마 같은 논길을 따라', '', '꿈 속을 가듯 걸어만 간다.', '', '']
['그녀를 향한 내 마음은 마치 태양과 같다.', '', '아침에 일어나 그녀를 생각하는 내 가슴은 마치 태양과 같다.', '', '그녀를 생각하는 때면 마음이 따스해진다.', '', '']
['우와 신난다!!']
['아 오늘 너무 힘들다..']
['내 이름은 정서희입니다. 저는 컴퓨터 소프트웨어 공학과 학생입니다.\r', '저는 자바와 C++을 배웠습니다.']
['모자마술 한번 보실래요?']
['오늘 하루종일 공부만 했네..']
['싸늘하다... 대흉근에 비수가 날아와 꽂힌다... 하지만 걱정하지마라.. 전완근은 눈보다 빠르니까..']
['내 삶은 왜 이 모양 이 꼬라지 일까? 하,,, 내 신세야,,,, 나는 왜 항상 이렇게 살아야 하는거야? 나는 너무 우울해서 진짜 죽고싶어 내일이 없었으면 좋겠어 그냥 죽어버렸으면 이 세상의 모두가 나를 잊어버렸으면 해']
['바람이 분다. 그녀가 스쳐지나간 자리에 바람이 분다. 부는 바람에 낙엽이 우수수 떨어진다. 바람이 불어와 옆구리를 간질이는 오늘 오늘따라 그녀가 떠오른다 왜 그때 잘해주지 못했을까']
['내 삶은 달걀..']
['2500만원 어디다가 쓴걸까?']
['머리가... 머리가... 머리부터 발끝까지 오로나민씨..']
['알고리즘 특강 실화냐..? 가슴이 웅장해진다..']
['나 메이플할거얌 히히 신난당 가서 레벨업도 열심히 하고 멋진 플레이어가 되어야지!!!!!']
['맥심 라이트를 주고 떠나간 그.... 나 혼자만 남아있네..']
['말 같지도 않은 소리 그만해! 한시는 점심시간이란 말이야!']
['옥수수도 좋고 감자도 좋아요~ 뭐든 좋죠!']
['장염 걸려서 너무 아프다.. 밥도 못먹네..']
['드디어', '', '끝나간다!', '', '']
['오늘도', '', '정말', '', '힘든 하루..', '', '']
['동글동글 왕감자 대홍단 감자', '', '너무 커서 하나를 못다먹겠죠', '', '']
['파란하늘 파란하늘 꿈이 드리운 푸른 언덕에', '', '아기염소 여럿이 풀을 뜯고 놀아요', '', '해 처럼 맑은 얼굴로~', '', '']
['오늘은 어머니가 선물을 사다주셨답니다 ㅎㅎ', '', '정말 기뻐요! 이렇게 좋은 부모님과 살고 있어서 너무 행복해요 ㅎㅎ', '', '']
['마음을 따스하게 하는 것', '', '얼굴에 자연스레 미소를 짓게 하는 것', '', '사랑하는 이를 생각하면 자연스레 갖게 되는 것', '', '그것이 행복', '', '']
['난 네가 좋아 정말 난 네가좋아 이세상에서 가장 소중한 선물', '', '너는 특별해 정말 너는 특별해', '', '이세상에서 가장 소중한 친구야~', '', '']
['난 네가 좋아 정말 난 네가좋아 이세상에서 가장 소중한 선물', '', '너는 특별해 정말 너는 특별해', '', '이세상에서 가장 소중한 친구야~', '', '']
['지금은 남의땅', '', '빼앗긴 들에도 봄은 오는가', '', '나는 온 몸에 햇살을 받고', '', '푸른 하늘 푸른 들이 맞붙은 곳으로', '', '가르마 같은 논길을 따라', '', '꿈 속을 가듯 걸어만 간다.', '', '']
['그녀를 향한 내 마음은 마치 태양과 같다.', '', '아침에 일어나 그녀를 생각하는 내 가슴은 마치 태양과 같다.', '', '그녀를 생각하는 때면 마음이 따스해진다.', '', '']
['우와 신난다!!']
['아 오늘 너무 힘들다..']
['내 이름은 정서희입니다. 저는 컴퓨터 소프트웨어 공학과 학생입니다.\r', '저는 자바와 C++을 배웠습니다.']
['모자마술 한번 보실래요?']
['오늘 하루종일 공부만 했네..']
['싸늘하다... 대흉근에 비수가 날아와 꽂힌다... 하지만 걱정하지마라.. 전완근은 눈보다 빠르니까..'][16/Sep/2020 14:14:40] "GET / HTTP/1.1" 200 23640
[16/Sep/2020 16:43:03] "GET / HTTP/1.1" 200 23640
[16/Sep/2020 16:43:03] "GET /static/css/base.css HTTP/1.1" 200 1702
[16/Sep/2020 16:43:04] "GET /static/images/logout.png HTTP/1.1" 200 6486
[16/Sep/2020 16:43:04] "GET /static/images/search.png HTTP/1.1" 200 12988
[16/Sep/2020 16:43:04] "GET /static/images/write_new.png HTTP/1.1" 200 24034
[16/Sep/2020 16:43:04] "GET /static/images/bell_white.png HTTP/1.1" 200 343071

['내 삶은 왜 이 모양 이 꼬라지 일까? 하,,, 내 신세야,,,, 나는 왜 항상 이렇게 살아야 하는거야? 나는 너무 우울해서 진짜 죽고싶어 내일이 없었으면 좋겠어 그냥 죽어버렸으면 이 세상의 모두가 나를 잊어버렸으면 해']
['바람이 분다. 그녀가 스쳐지나간 자리에 바람이 분다. 부는 바람에 낙엽이 우수수 떨어진다. 바람이 불어와 옆구리를 간질이는 오늘 오늘따라 그녀가 떠오른다 왜 그때 잘해주지 못했을까']
['내 삶은 달걀..']
['2500만원 어디다가 쓴걸까?']
['머리가... 머리가... 머리부터 발끝까지 오로나민씨..']
['알고리즘 특강 실화냐..? 가슴이 웅장해진다..']
['나 메이플할거얌 히히 신난당 가서 레벨업도 열심히 하고 멋진 플레이어가 되어야지!!!!!']
['맥심 라이트를 주고 떠나간 그.... 나 혼자만 남아있네..']
['말 같지도 않은 소리 그만해! 한시는 점심시간이란 말이야!']
['옥수수도 좋고 감자도 좋아요~ 뭐든 좋죠!']
['장염 걸려서 너무 아프다.. 밥도 못먹네..']
['드디어', '', '끝나간다!', '', '']
['오늘도', '', '정말', '', '힘든 하루..', '', '']
['동글동글 왕감자 대홍단 감자', '', '너무 커서 하나를 못다먹겠죠', '', '']
['파란하늘 파란하늘 꿈이 드리운 푸른 언덕에', '', '아기염소 여럿이 풀을 뜯고 놀아요', '', '해 처럼 맑은 얼굴로~', '', '']
['오늘은 어머니가 선물을 사다주셨답니다 ㅎㅎ', '', '정말 기뻐요! 이렇게 좋은 부모님과 살고 있어서 너무 행복해요 ㅎㅎ', '', '']
['마음을 따스하게 하는 것', '', '얼굴에 자연스레 미소를 짓게 하는 것', '', '사랑하는 이를 생각하면 자연스레 갖게 되는 것', '', '그것이 행복', '', '']
['난 네가 좋아 정말 난 네가좋아 이세상에서 가장 소중한 선물', '', '너는 특별해 정말 너는 특별해', '', '이세상에서 가장 소중한 친구야~', '', '']
['난 네가 좋아 정말 난 네가좋아 이세상에서 가장 소중한 선물', '', '너는 특별해 정말 너는 특별해', '', '이세상에서 가장 소중한 친구야~', '', '']
['지금은 남의땅', '', '빼앗긴 들에도 봄은 오는가', '', '나는 온 몸에 햇살을 받고', '', '푸른 하늘 푸른 들이 맞붙은 곳으로', '', '가르마 같은 논길을 따라', '', '꿈 속을 가듯 걸어만 간다.', '', '']
['그녀를 향한 내 마음은 마치 태양과 같다.', '', '아침에 일어나 그녀를 생각하는 내 가슴은 마치 태양과 같다.', '', '그녀를 생각하는 때면 마음이 따스해진다.', '', '']
['우와 신난다!!']
['아 오늘 너무 힘들다..']
['내 이름은 정서희입니다. 저는 컴퓨터 소프트웨어 공학과 학생입니다.\r', '저는 자바와 C++을 배웠습니다.']
['모자마술 한번 보실래요?']
['오늘 하루종일 공부만 했네..']
['싸늘하다... 대흉근에 비수가 날아와 꽂힌다... 하지만 걱정하지마라.. 전완근은 눈보다 빠르니까..']
['내 삶은 왜 이 모양 이 꼬라지 일까? 하,,, 내 신세야,,,, 나는 왜 항상 이렇게 살아야 하는거야? 나는 너무 우울해서 진짜 죽고싶어 내일이 없었으면 좋겠어 그냥 죽어버렸으면 이 세상의 모두가 나를 잊어버렸으면 해']
['바람이 분다. 그녀가 스쳐지나간 자리에 바람이 분다. 부는 바람에 낙엽이 우수수 떨어진다. 바람이 불어와 옆구리를 간질이는 오늘 오늘따라 그녀가 떠오른다 왜 그때 잘해주지 못했을까']
['내 삶은 달걀..']
['2500만원 어디다가 쓴걸까?']
['머리가... 머리가... 머리부터 발끝까지 오로나민씨..']
['알고리즘 특강 실화냐..? 가슴이 웅장해진다..']
['나 메이플할거얌 히히 신난당 가서 레벨업도 열심히 하고 멋진 플레이어가 되어야지!!!!!']
['맥심 라이트를 주고 떠나간 그.... 나 혼자만 남아있네..']
['말 같지도 않은 소리 그만해! 한시는 점심시간이란 말이야!']
['옥수수도 좋고 감자도 좋아요~ 뭐든 좋죠!']
['장염 걸려서 너무 아프다.. 밥도 못먹네..']
['드디어', '', '끝나간다!', '', '']
['오늘도', '', '정말', '', '힘든 하루..', '', '']
['동글동글 왕감자 대홍단 감자', '', '너무 커서 하나를 못다먹겠죠', '', '']
['파란하늘 파란하늘 꿈이 드리운 푸른 언덕에', '', '아기염소 여럿이 풀을 뜯고 놀아요', '', '해 처럼 맑은 얼굴로~', '', '']
['오늘은 어머니가 선물을 사다주셨답니다 ㅎㅎ', '', '정말 기뻐요! 이렇게 좋은 부모님과 살고 있어서 너무 행복해요 ㅎㅎ', '', '']
['마음을 따스하게 하는 것', '', '얼굴에 자연스레 미소를 짓게 하는 것', '', '사랑하는 이를 생각하면 자연스레 갖게 되는 것', '', '그것이 행복', '', '']
['난 네가 좋아 정말 난 네가좋아 이세상에서 가장 소중한 선물', '', '너는 특별해 정말 너는 특별해', '', '이세상에서 가장 소중한 친구야~', '', '']
['난 네가 좋아 정말 난 네가좋아 이세상에서 가장 소중한 선물', '', '너는 특별해 정말 너는 특별해', '', '이세상에서 가장 소중한 친구야~', '', '']
['지금은 남의땅', '', '빼앗긴 들에도 봄은 오는가', '', '나는 온 몸에 햇살을 받고', '', '푸른 하늘 푸른 들이 맞붙은 곳으로', '', '가르마 같은 논길을 따라', '', '꿈 속을 가듯 걸어만 간다.', '', '']
['그녀를 향한 내 마음은 마치 태양과 같다.', '', '아침에 일어나 그녀를 생각하는 내 가슴은 마치 태양과 같다.', '', '그녀를 생각하는 때면 마음이 따스해진다.', '', '']
['우와 신난다!!']
['아 오늘 너무 힘들다..']
['내 이름은 정서희입니다. 저는 컴퓨터 소프트웨어 공학과 학생입니다.\r', '저는 자바와 C++을 배웠습니다.']
['모자마술 한번 보실래요?']
['오늘 하루종일 공부만 했네..']
['싸늘하다... 대흉근에 비수가 날아와 꽂힌다... 하지만 걱정하지마라.. 전완근은 눈보다 빠르니까..']
['내 삶은 왜 이 모양 이 꼬라지 일까? 하,,, 내 신세야,,,, 나는 왜 항상 이렇게 살아야 하는거야? 나는 너무 우울해서 진짜 죽고싶어 내일이 없었으면 좋겠어 그냥 죽어버렸으면 이 세상의 모두가 나를 잊어버렸으면 해']
['바람이 분다. 그녀가 스쳐지나간 자리에 바람이 분다. 부는 바람에 낙엽이 우수수 떨어진다. 바람이 불어와 옆구리를 간질이는 오늘 오늘따라 그녀가 떠오른다 왜 그때 잘해주지 못했을까']
['내 삶은 달걀..']
['2500만원 어디다가 쓴걸까?']
['머리가... 머리가... 머리부터 발끝까지 오로나민씨..']
['알고리즘 특강 실화냐..? 가슴이 웅장해진다..']
['나 메이플할거얌 히히 신난당 가서 레벨업도 열심히 하고 멋진 플레이어가 되어야지!!!!!']
['맥심 라이트를 주고 떠나간 그.... 나 혼자만 남아있네..']
['말 같지도 않은 소리 그만해! 한시는 점심시간이란 말이야!']
['옥수수도 좋고 감자도 좋아요~ 뭐든 좋죠!']
['장염 걸려서 너무 아프다.. 밥도 못먹네..']
['드디어', '', '끝나간다!', '', '']
['오늘도', '', '정말', '', '힘든 하루..', '', '']
['동글동글 왕감자 대홍단 감자', '', '너무 커서 하나를 못다먹겠죠', '', '']
['파란하늘 파란하늘 꿈이 드리운 푸른 언덕에', '', '아기염소 여럿이 풀을 뜯고 놀아요', '', '해 처럼 맑은 얼굴로~', '', '']
['오늘은 어머니가 선물을 사다주셨답니다 ㅎㅎ', '', '정말 기뻐요! 이렇게 좋은 부모님과 살고 있어서 너무 행복해요 ㅎㅎ', '', '']
['마음을 따스하게 하는 것', '', '얼굴에 자연스레 미소를 짓게 하는 것', '', '사랑하는 이를 생각하면 자연스레 갖게 되는 것', '', '그것이 행복', '', ''][16/Sep/2020 17:28:22] "GET / HTTP/1.1" 200 23640
Not Found: /favicon.ico
[16/Sep/2020 17:28:22] "GET /favicon.ico HTTP/1.1" 404 3301
[16/Sep/2020 18:14:29] "GET / HTTP/1.1" 200 23640
[16/Sep/2020 18:14:30] "GET /admin HTTP/1.1" 301 0
[16/Sep/2020 18:14:30] "GET /admin/ HTTP/1.1" 200 7132
[16/Sep/2020 18:14:30] "GET /static/admin/css/nav_sidebar.css HTTP/1.1" 200 1942
[16/Sep/2020 18:14:30] "GET /static/admin/css/dashboard.css HTTP/1.1" 200 380
[16/Sep/2020 18:14:30] "GET /static/admin/css/base.css HTTP/1.1" 200 16307
[16/Sep/2020 18:14:30] "GET /static/admin/js/nav_sidebar.js HTTP/1.1" 200 1360
[16/Sep/2020 18:14:30] "GET /static/admin/css/responsive.css HTTP/1.1" 200 18617
[16/Sep/2020 18:14:30] "GET /admin/ HTTP/1.1" 200 7132
[16/Sep/2020 18:14:30] "GET /static/admin/css/fonts.css HTTP/1.1" 200 423
[16/Sep/2020 18:14:31] "GET /static/admin/img/icon-changelink.svg HTTP/1.1" 200 380
[16/Sep/2020 18:14:31] "GET /static/admin/img/icon-deletelink.svg HTTP/1.1" 200 392
[16/Sep/2020 18:14:31] "GET /static/admin/img/icon-addlink.svg HTTP/1.1" 200 331
[16/Sep/2020 18:14:31] "GET /static/admin/fonts/Roboto-Bold-webfont.woff HTTP/1.1" 200 86184
[16/Sep/2020 18:14:31] "GET /static/admin/fonts/Roboto-Light-webfont.woff HTTP/1.1" 200 85692
[16/Sep/2020 18:14:31] "GET /static/admin/fonts/Roboto-Regular-webfont.woff HTTP/1.1" 200 85876
[16/Sep/2020 18:14:32] "GET /admin/post/post/ HTTP/1.1" 200 12054
[16/Sep/2020 18:14:32] "GET /static/admin/js/jquery.init.js HTTP/1.1" 200 347
[16/Sep/2020 18:14:32] "GET /static/admin/css/changelists.css HTTP/1.1" 200 6306
[16/Sep/2020 18:14:32] "GET /static/admin/js/core.js HTTP/1.1" 200 5418
[16/Sep/2020 18:14:32] "GET /static/admin/js/admin/RelatedObjectLookups.js HTTP/1.1" 200 6078
[16/Sep/2020 18:14:32] "GET /static/admin/js/urlify.js HTTP/1.1" 200 8632
[16/Sep/2020 18:14:32] "GET /static/admin/js/prepopulate.js HTTP/1.1" 200 1531
[16/Sep/2020 18:14:32] "GET /static/admin/js/actions.js HTTP/1.1" 200 6783
[16/Sep/2020 18:14:32] "GET /admin/jsi18n/ HTTP/1.1" 200 3187
[16/Sep/2020 18:14:32] "GET /static/admin/js/vendor/jquery/jquery.js HTTP/1.1" 200 287630
[16/Sep/2020 18:14:32] "GET /static/admin/js/vendor/xregexp/xregexp.js HTTP/1.1" 200 232381
[16/Sep/2020 18:14:32] "GET /static/admin/img/tooltag-add.svg HTTP/1.1" 200 331
[16/Sep/2020 18:14:34] "GET /admin/post/post/44/change/ HTTP/1.1" 200 10440
[16/Sep/2020 18:14:34] "GET /static/admin/css/forms.css HTTP/1.1" 200 8399
[16/Sep/2020 18:14:34] "GET /static/admin/js/prepopulate_init.js HTTP/1.1" 200 492
[16/Sep/2020 18:14:34] "GET /admin/jsi18n/ HTTP/1.1" 200 3187
[16/Sep/2020 18:14:34] "GET /static/admin/css/widgets.css HTTP/1.1" 200 10592
[16/Sep/2020 18:14:34] "GET /static/admin/js/change_form.js HTTP/1.1" 200 606
[16/Sep/2020 18:14:36] "GET /admin/post/post/ HTTP/1.1" 200 12054
[16/Sep/2020 18:14:36] "GET /admin/ HTTP/1.1" 200 7132
[16/Sep/2020 18:14:38] "GET /admin/member/memberinfo/ HTTP/1.1" 200 7551
[16/Sep/2020 18:14:38] "GET /admin/jsi18n/ HTTP/1.1" 200 3187
[16/Sep/2020 18:28:02] "GET / HTTP/1.1" 200 23640
[16/Sep/2020 19:34:51] "GET /hot HTTP/1.1" 200 7285

['난 네가 좋아 정말 난 네가좋아 이세상에서 가장 소중한 선물', '', '너는 특별해 정말 너는 특별해', '', '이세상에서 가장 소중한 친구야~', '', '']
['난 네가 좋아 정말 난 네가좋아 이세상에서 가장 소중한 선물', '', '너는 특별해 정말 너는 특별해', '', '이세상에서 가장 소중한 친구야~', '', '']
['지금은 남의땅', '', '빼앗긴 들에도 봄은 오는가', '', '나는 온 몸에 햇살을 받고', '', '푸른 하늘 푸른 들이 맞붙은 곳으로', '', '가르마 같은 논길을 따라', '', '꿈 속을 가듯 걸어만 간다.', '', '']
['그녀를 향한 내 마음은 마치 태양과 같다.', '', '아침에 일어나 그녀를 생각하는 내 가슴은 마치 태양과 같다.', '', '그녀를 생각하는 때면 마음이 따스해진다.', '', '']
['우와 신난다!!']
['아 오늘 너무 힘들다..']
['내 이름은 정서희입니다. 저는 컴퓨터 소프트웨어 공학과 학생입니다.\r', '저는 자바와 C++을 배웠습니다.']
['모자마술 한번 보실래요?']
['오늘 하루종일 공부만 했네..']
['싸늘하다... 대흉근에 비수가 날아와 꽂힌다... 하지만 걱정하지마라.. 전완근은 눈보다 빠르니까..']
['내 삶은 왜 이 모양 이 꼬라지 일까? 하,,, 내 신세야,,,, 나는 왜 항상 이렇게 살아야 하는거야? 나는 너무 우울해서 진짜 죽고싶어 내일이 없었으면 좋겠어 그냥 죽어버렸으면 이 세상의 모두가 나를 잊어버렸으면 해']
['바람이 분다. 그녀가 스쳐지나간 자리에 바람이 분다. 부는 바람에 낙엽이 우수수 떨어진다. 바람이 불어와 옆구리를 간질이는 오늘 오늘따라 그녀가 떠오른다 왜 그때 잘해주지 못했을까']
['내 삶은 달걀..']
['2500만원 어디다가 쓴걸까?']
['머리가... 머리가... 머리부터 발끝까지 오로나민씨..']
['알고리즘 특강 실화냐..? 가슴이 웅장해진다..']
['나 메이플할거얌 히히 신난당 가서 레벨업도 열심히 하고 멋진 플레이어가 되어야지!!!!!']
['맥심 라이트를 주고 떠나간 그.... 나 혼자만 남아있네..']
['말 같지도 않은 소리 그만해! 한시는 점심시간이란 말이야!']
['옥수수도 좋고 감자도 좋아요~ 뭐든 좋죠!']
['장염 걸려서 너무 아프다.. 밥도 못먹네..']
['드디어', '', '끝나간다!', '', '']
['오늘도', '', '정말', '', '힘든 하루..', '', '']
['동글동글 왕감자 대홍단 감자', '', '너무 커서 하나를 못다먹겠죠', '', '']
['파란하늘 파란하늘 꿈이 드리운 푸른 언덕에', '', '아기염소 여럿이 풀을 뜯고 놀아요', '', '해 처럼 맑은 얼굴로~', '', '']
['오늘은 어머니가 선물을 사다주셨답니다 ㅎㅎ', '', '정말 기뻐요! 이렇게 좋은 부모님과 살고 있어서 너무 행복해요 ㅎㅎ', '', '']
['마음을 따스하게 하는 것', '', '얼굴에 자연스레 미소를 짓게 하는 것', '', '사랑하는 이를 생각하면 자연스레 갖게 되는 것', '', '그것이 행복', '', '']
['난 네가 좋아 정말 난 네가좋아 이세상에서 가장 소중한 선물', '', '너는 특별해 정말 너는 특별해', '', '이세상에서 가장 소중한 친구야~', '', '']
['난 네가 좋아 정말 난 네가좋아 이세상에서 가장 소중한 선물', '', '너는 특별해 정말 너는 특별해', '', '이세상에서 가장 소중한 친구야~', '', '']
['지금은 남의땅', '', '빼앗긴 들에도 봄은 오는가', '', '나는 온 몸에 햇살을 받고', '', '푸른 하늘 푸른 들이 맞붙은 곳으로', '', '가르마 같은 논길을 따라', '', '꿈 속을 가듯 걸어만 간다.', '', '']
['그녀를 향한 내 마음은 마치 태양과 같다.', '', '아침에 일어나 그녀를 생각하는 내 가슴은 마치 태양과 같다.', '', '그녀를 생각하는 때면 마음이 따스해진다.', '', '']
['우와 신난다!!']
['아 오늘 너무 힘들다..']
['내 이름은 정서희입니다. 저는 컴퓨터 소프트웨어 공학과 학생입니다.\r', '저는 자바와 C++을 배웠습니다.']
['모자마술 한번 보실래요?']
['오늘 하루종일 공부만 했네..']
['싸늘하다... 대흉근에 비수가 날아와 꽂힌다... 하지만 걱정하지마라.. 전완근은 눈보다 빠르니까..']
['내 삶은 왜 이 모양 이 꼬라지 일까? 하,,, 내 신세야,,,, 나는 왜 항상 이렇게 살아야 하는거야? 나는 너무 우울해서 진짜 죽고싶어 내일이 없었으면 좋겠어 그냥 죽어버렸으면 이 세상의 모두가 나를 잊어버렸으면 해']
['바람이 분다. 그녀가 스쳐지나간 자리에 바람이 분다. 부는 바람에 낙엽이 우수수 떨어진다. 바람이 불어와 옆구리를 간질이는 오늘 오늘따라 그녀가 떠오른다 왜 그때 잘해주지 못했을까']
['내 삶은 달걀..']
['2500만원 어디다가 쓴걸까?']
['머리가... 머리가... 머리부터 발끝까지 오로나민씨..']
['알고리즘 특강 실화냐..? 가슴이 웅장해진다..']
['나 메이플할거얌 히히 신난당 가서 레벨업도 열심히 하고 멋진 플레이어가 되어야지!!!!!']
['맥심 라이트를 주고 떠나간 그.... 나 혼자만 남아있네..']
['말 같지도 않은 소리 그만해! 한시는 점심시간이란 말이야!']
['옥수수도 좋고 감자도 좋아요~ 뭐든 좋죠!']
['장염 걸려서 너무 아프다.. 밥도 못먹네..']
['드디어', '', '끝나간다!', '', '']
['오늘도', '', '정말', '', '힘든 하루..', '', '']
['동글동글 왕감자 대홍단 감자', '', '너무 커서 하나를 못다먹겠죠', '', '']
['파란하늘 파란하늘 꿈이 드리운 푸른 언덕에', '', '아기염소 여럿이 풀을 뜯고 놀아요', '', '해 처럼 맑은 얼굴로~', '', '']
['오늘은 어머니가 선물을 사다주셨답니다 ㅎㅎ', '', '정말 기뻐요! 이렇게 좋은 부모님과 살고 있어서 너무 행복해요 ㅎㅎ', '', '']
['마음을 따스하게 하는 것', '', '얼굴에 자연스레 미소를 짓게 하는 것', '', '사랑하는 이를 생각하면 자연스레 갖게 되는 것', '', '그것이 행복', '', '']
['난 네가 좋아 정말 난 네가좋아 이세상에서 가장 소중한 선물', '', '너는 특별해 정말 너는 특별해', '', '이세상에서 가장 소중한 친구야~', '', '']
['난 네가 좋아 정말 난 네가좋아 이세상에서 가장 소중한 선물', '', '너는 특별해 정말 너는 특별해', '', '이세상에서 가장 소중한 친구야~', '', '']
['지금은 남의땅', '', '빼앗긴 들에도 봄은 오는가', '', '나는 온 몸에 햇살을 받고', '', '푸른 하늘 푸른 들이 맞붙은 곳으로', '', '가르마 같은 논길을 따라', '', '꿈 속을 가듯 걸어만 간다.', '', '']
['그녀를 향한 내 마음은 마치 태양과 같다.', '', '아침에 일어나 그녀를 생각하는 내 가슴은 마치 태양과 같다.', '', '그녀를 생각하는 때면 마음이 따스해진다.', '', '']
['우와 신난다!!']
['내 이름은 정서희입니다. 저는 컴퓨터 소프트웨어 공학과 학생입니다.\r', '저는 자바와 C++을 배웠습니다.']
['알고리즘 특강 실화냐..? 가슴이 웅장해진다..']
['옥수수도 좋고 감자도 좋아요~ 뭐든 좋죠!']
['모자마술 한번 보실래요?']
['바람이 분다. 그녀가 스쳐지나간 자리에 바람이 분다. 부는 바람에 낙엽이 우수수 떨어진다. 바람이 불어와 옆구리를 간질이는 오늘 오늘따라 그녀가 떠오른다 왜 그때 잘해주지 못했을까']
['내 삶은 달걀..']
['2500만원 어디다가 쓴걸까?']
['머리가... 머리가... 머리부터 발끝까지 오로나민씨..']
['나 메이플할거얌 히히 신난당 가서 레벨업도 열심히 하고 멋진 플레이어가 되어야지!!!!!']
['오늘도', '', '정말', '', '힘든 하루..', '', '']
['파란하늘 파란하늘 꿈이 드리운 푸른 언덕에', '', '아기염소 여럿이 풀을 뜯고 놀아요', '', '해 처럼 맑은 얼굴로~', '', ''][16/Sep/2020 19:34:53] "GET /warm HTTP/1.1" 200 13360
[16/Sep/2020 19:51:06] "GET / HTTP/1.1" 200 23640
[16/Sep/2020 19:51:06] "GET /static/css/base.css HTTP/1.1" 304 0
[16/Sep/2020 19:51:16] "GET / HTTP/1.1" 200 23640
[16/Sep/2020 22:48:31] code 400, message Bad HTTP/0.9 request type ('\x16\x03\x03\x00\x99\x01\x00\x00\x95\x03\x03_b\x96e=×#²ùÁÉ\x11V\xadâß')
[16/Sep/2020 22:48:31] You're accessing the development server over HTTPS, but it only supports HTTP.


['오늘은 어머니가 선물을 사다주셨답니다 ㅎㅎ', '', '정말 기뻐요! 이렇게 좋은 부모님과 살고 있어서 너무 행복해요 ㅎㅎ', '', '']
['마음을 따스하게 하는 것', '', '얼굴에 자연스레 미소를 짓게 하는 것', '', '사랑하는 이를 생각하면 자연스레 갖게 되는 것', '', '그것이 행복', '', '']
['난 네가 좋아 정말 난 네가좋아 이세상에서 가장 소중한 선물', '', '너는 특별해 정말 너는 특별해', '', '이세상에서 가장 소중한 친구야~', '', '']
['난 네가 좋아 정말 난 네가좋아 이세상에서 가장 소중한 선물', '', '너는 특별해 정말 너는 특별해', '', '이세상에서 가장 소중한 친구야~', '', '']
['우와 신난다!!']
['아 오늘 너무 힘들다..']
['내 이름은 정서희입니다. 저는 컴퓨터 소프트웨어 공학과 학생입니다.\r', '저는 자바와 C++을 배웠습니다.']
['모자마술 한번 보실래요?']
['오늘 하루종일 공부만 했네..']
['싸늘하다... 대흉근에 비수가 날아와 꽂힌다... 하지만 걱정하지마라.. 전완근은 눈보다 빠르니까..']
['내 삶은 왜 이 모양 이 꼬라지 일까? 하,,, 내 신세야,,,, 나는 왜 항상 이렇게 살아야 하는거야? 나는 너무 우울해서 진짜 죽고싶어 내일이 없었으면 좋겠어 그냥 죽어버렸으면 이 세상의 모두가 나를 잊어버렸으면 해']
['바람이 분다. 그녀가 스쳐지나간 자리에 바람이 분다. 부는 바람에 낙엽이 우수수 떨어진다. 바람이 불어와 옆구리를 간질이는 오늘 오늘따라 그녀가 떠오른다 왜 그때 잘해주지 못했을까']
['내 삶은 달걀..']
['2500만원 어디다가 쓴걸까?']
['머리가... 머리가... 머리부터 발끝까지 오로나민씨..']
['알고리즘 특강 실화냐..? 가슴이 웅장해진다..']
['나 메이플할거얌 히히 신난당 가서 레벨업도 열심히 하고 멋진 플레이어가 되어야지!!!!!']
['맥심 라이트를 주고 떠나간 그.... 나 혼자만 남아있네..']
['말 같지도 않은 소리 그만해! 한시는 점심시간이란 말이야!']
['옥수수도 좋고 감자도 좋아요~ 뭐든 좋죠!']
['장염 걸려서 너무 아프다.. 밥도 못먹네..']
['드디어', '', '끝나간다!', '', '']
['오늘도', '', '정말', '', '힘든 하루..', '', '']
['동글동글 왕감자 대홍단 감자', '', '너무 커서 하나를 못다먹겠죠', '', '']
['파란하늘 파란하늘 꿈이 드리운 푸른 언덕에', '', '아기염소 여럿이 풀을 뜯고 놀아요', '', '해 처럼 맑은 얼굴로~', '', '']
['오늘은 어머니가 선물을 사다주셨답니다 ㅎㅎ', '', '정말 기뻐요! 이렇게 좋은 부모님과 살고 있어서 너무 행복해요 ㅎㅎ', '', '']
['마음을 따스하게 하는 것', '', '얼굴에 자연스레 미소를 짓게 하는 것', '', '사랑하는 이를 생각하면 자연스레 갖게 되는 것', '', '그것이 행복', '', '']
['난 네가 좋아 정말 난 네가좋아 이세상에서 가장 소중한 선물', '', '너는 특별해 정말 너는 특별해', '', '이세상에서 가장 소중한 친구야~', '', '']
['난 네가 좋아 정말 난 네가좋아 이세상에서 가장 소중한 선물', '', '너는 특별해 정말 너는 특별해', '', '이세상에서 가장 소중한 친구야~', '', '']
['지금은 남의땅', '', '빼앗긴 들에도 봄은 오는가', '', '나는 온 몸에 햇살을 받고', '', '푸른 하늘 푸른 들이 맞붙은 곳으로', '', '가르마 같은 논길을 따라', '', '꿈 속을 가듯 걸어만 간다.', '', '']
['그녀를 향한 내 마음은 마치 태양과 같다.', '', '아침에 일어나 그녀를 생각하는 내 가슴은 마치 태양과 같다.', '', '그녀를 생각하는 때면 마음이 따스해진다.', '', '']
['우와 신난다!!']
['아 오늘 너무 힘들다..']
['내 이름은 정서희입니다. 저는 컴퓨터 소프트웨어 공학과 학생입니다.\r', '저는 자바와 C++을 배웠습니다.']
['모자마술 한번 보실래요?']
['오늘 하루종일 공부만 했네..']
['싸늘하다... 대흉근에 비수가 날아와 꽂힌다... 하지만 걱정하지마라.. 전완근은 눈보다 빠르니까..']
['내 삶은 왜 이 모양 이 꼬라지 일까? 하,,, 내 신세야,,,, 나는 왜 항상 이렇게 살아야 하는거야? 나는 너무 우울해서 진짜 죽고싶어 내일이 없었으면 좋겠어 그냥 죽어버렸으면 이 세상의 모두가 나를 잊어버렸으면 해']
['바람이 분다. 그녀가 스쳐지나간 자리에 바람이 분다. 부는 바람에 낙엽이 우수수 떨어진다. 바람이 불어와 옆구리를 간질이는 오늘 오늘따라 그녀가 떠오른다 왜 그때 잘해주지 못했을까']
['내 삶은 달걀..']
['2500만원 어디다가 쓴걸까?']
['머리가... 머리가... 머리부터 발끝까지 오로나민씨..']
['알고리즘 특강 실화냐..? 가슴이 웅장해진다..']
['나 메이플할거얌 히히 신난당 가서 레벨업도 열심히 하고 멋진 플레이어가 되어야지!!!!!']
['맥심 라이트를 주고 떠나간 그.... 나 혼자만 남아있네..']
['말 같지도 않은 소리 그만해! 한시는 점심시간이란 말이야!']
['옥수수도 좋고 감자도 좋아요~ 뭐든 좋죠!']
['장염 걸려서 너무 아프다.. 밥도 못먹네..']
['드디어', '', '끝나간다!', '', '']
['오늘도', '', '정말', '', '힘든 하루..', '', '']
['동글동글 왕감자 대홍단 감자', '', '너무 커서 하나를 못다먹겠죠', '', '']
['파란하늘 파란하늘 꿈이 드리운 푸른 언덕에', '', '아기염소 여럿이 풀을 뜯고 놀아요', '', '해 처럼 맑은 얼굴로~', '', '']
['오늘은 어머니가 선물을 사다주셨답니다 ㅎㅎ', '', '정말 기뻐요! 이렇게 좋은 부모님과 살고 있어서 너무 행복해요 ㅎㅎ', '', '']
['마음을 따스하게 하는 것', '', '얼굴에 자연스레 미소를 짓게 하는 것', '', '사랑하는 이를 생각하면 자연스레 갖게 되는 것', '', '그것이 행복', '', '']
['난 네가 좋아 정말 난 네가좋아 이세상에서 가장 소중한 선물', '', '너는 특별해 정말 너는 특별해', '', '이세상에서 가장 소중한 친구야~', '', '']
['난 네가 좋아 정말 난 네가좋아 이세상에서 가장 소중한 선물', '', '너는 특별해 정말 너는 특별해', '', '이세상에서 가장 소중한 친구야~', '', '']
['지금은 남의땅', '', '빼앗긴 들에도 봄은 오는가', '', '나는 온 몸에 햇살을 받고', '', '푸른 하늘 푸른 들이 맞붙은 곳으로', '', '가르마 같은 논길을 따라', '', '꿈 속을 가듯 걸어만 간다.', '', '']
['그녀를 향한 내 마음은 마치 태양과 같다.', '', '아침에 일어나 그녀를 생각하는 내 가슴은 마치 태양과 같다.', '', '그녀를 생각하는 때면 마음이 따스해진다.', '', '']
['우와 신난다!!']
['아 오늘 너무 힘들다..']
['내 이름은 정서희입니다. 저는 컴퓨터 소프트웨어 공학과 학생입니다.\r', '저는 자바와 C++을 배웠습니다.']
['모자마술 한번 보실래요?']
['오늘 하루종일 공부만 했네..']
['싸늘하다... 대흉근에 비수가 날아와 꽂힌다... 하지만 걱정하지마라.. 전완근은 눈보다 빠르니까..']
['내 삶은 왜 이 모양 이 꼬라지 일까? 하,,, 내 신세야,,,, 나는 왜 항상 이렇게 살아야 하는거야? 나는 너무 우울해서 진짜 죽고싶어 내일이 없었으면 좋겠어 그냥 죽어버렸으면 이 세상의 모두가 나를 잊어버렸으면 해']
['바람이 분다. 그녀가 스쳐지나간 자리에 바람이 분다. 부는 바람에 낙엽이 우수수 떨어진다. 바람이 불어와 옆구리를 간질이는 오늘 오늘따라 그녀가 떠오른다 왜 그때 잘해주지 못했을까']
['내 삶은 달걀..']
['2500만원 어디다가 쓴걸까?']
['머리가... 머리가... 머리부터 발끝까지 오로나민씨..']
['알고리즘 특강 실화냐..? 가슴이 웅장해진다..'][17/Sep/2020 03:57:57] "GET / HTTP/1.1" 200 6853
[17/Sep/2020 03:57:57] "GET /static/css/base.css HTTP/1.1" 304 0
[17/Sep/2020 03:57:58] "GET /admin/ HTTP/1.1" 302 0
[17/Sep/2020 03:57:59] "GET /admin/ HTTP/1.1" 302 0
[17/Sep/2020 03:57:59] "GET /admin/login/?next=/admin/ HTTP/1.1" 200 2194
[17/Sep/2020 03:57:59] "GET /static/admin/css/nav_sidebar.css HTTP/1.1" 304 0
[17/Sep/2020 03:57:59] "GET /static/admin/css/base.css HTTP/1.1" 304 0
[17/Sep/2020 03:57:59] "GET /static/admin/js/nav_sidebar.js HTTP/1.1" 304 0
[17/Sep/2020 03:57:59] "GET /static/admin/css/responsive.css HTTP/1.1" 304 0
[17/Sep/2020 03:57:59] "GET /static/admin/css/login.css HTTP/1.1" 304 0
[17/Sep/2020 03:58:00] "GET /admin/login/?next=/admin/ HTTP/1.1" 200 2194
[17/Sep/2020 03:58:00] "GET /static/admin/css/fonts.css HTTP/1.1" 304 0
[17/Sep/2020 03:58:00] "GET /static/admin/fonts/Roboto-Light-webfont.woff HTTP/1.1" 304 0
[17/Sep/2020 03:58:00] "GET /static/admin/fonts/Roboto-Regular-webfont.woff HTTP/1.1" 304 0
Not Found: /favicon.ico
[17/Sep/2020 03:58:00] "GET /favicon.ico HTTP/1.1" 404 3301
[17/Sep/2020 03:58:03] "POST /admin/login/?next=/admin/ HTTP/1.1" 302 0
[17/Sep/2020 03:58:03] "GET /admin/ HTTP/1.1" 200 7132
[17/Sep/2020 03:58:03] "GET /static/admin/fonts/Roboto-Bold-webfont.woff HTTP/1.1" 304 0
[17/Sep/2020 03:58:03] "GET /static/admin/img/icon-addlink.svg HTTP/1.1" 304 0
[17/Sep/2020 03:58:03] "GET /static/admin/img/icon-changelink.svg HTTP/1.1" 304 0
[17/Sep/2020 03:58:03] "GET /static/admin/css/dashboard.css HTTP/1.1" 304 0
[17/Sep/2020 03:58:03] "GET /static/admin/img/icon-deletelink.svg HTTP/1.1" 304 0
[17/Sep/2020 03:58:05] "GET /admin/post/post/ HTTP/1.1" 200 12054
[17/Sep/2020 03:58:05] "GET /static/admin/js/admin/RelatedObjectLookups.js HTTP/1.1" 304 0
[17/Sep/2020 03:58:05] "GET /static/admin/css/changelists.css HTTP/1.1" 304 0
[17/Sep/2020 03:58:05] "GET /static/admin/js/vendor/jquery/jquery.js HTTP/1.1" 304 0
[17/Sep/2020 03:58:05] "GET /static/admin/js/jquery.init.js HTTP/1.1" 304 0
[17/Sep/2020 03:58:05] "GET /static/admin/js/core.js HTTP/1.1" 304 0
[17/Sep/2020 03:58:05] "GET /admin/jsi18n/ HTTP/1.1" 200 3187
[17/Sep/2020 03:58:06] "GET /static/admin/js/actions.js HTTP/1.1" 304 0
[17/Sep/2020 03:58:06] "GET /static/admin/js/urlify.js HTTP/1.1" 304 0
[17/Sep/2020 03:58:06] "GET /static/admin/js/prepopulate.js HTTP/1.1" 304 0
[17/Sep/2020 03:58:06] "GET /static/admin/js/vendor/xregexp/xregexp.js HTTP/1.1" 304 0
[17/Sep/2020 03:58:06] "GET /static/admin/img/tooltag-add.svg HTTP/1.1" 304 0
[17/Sep/2020 03:58:07] "GET /admin/post/post/44/change/ HTTP/1.1" 200 10440
[17/Sep/2020 03:58:07] "GET /static/admin/css/forms.css HTTP/1.1" 304 0
[17/Sep/2020 03:58:07] "GET /admin/jsi18n/ HTTP/1.1" 200 3187
[17/Sep/2020 03:58:07] "GET /static/admin/js/prepopulate_init.js HTTP/1.1" 304 0
[17/Sep/2020 03:58:07] "GET /static/admin/js/change_form.js HTTP/1.1" 304 0
[17/Sep/2020 03:58:07] "GET /static/admin/css/widgets.css HTTP/1.1" 304 0
[17/Sep/2020 03:58:09] "GET /admin/post/post/ HTTP/1.1" 200 12054
[17/Sep/2020 03:58:09] "GET /admin/ HTTP/1.1" 200 7132
[17/Sep/2020 03:58:10] "GET /admin/auth/user/ HTTP/1.1" 200 8790
[17/Sep/2020 03:58:10] "GET /admin/jsi18n/ HTTP/1.1" 200 3187
[17/Sep/2020 03:58:10] "GET /static/admin/img/search.svg HTTP/1.1" 200 458
[17/Sep/2020 03:58:10] "GET /static/admin/img/icon-yes.svg HTTP/1.1" 304 0
[17/Sep/2020 03:58:10] "GET /static/admin/img/sorting-icons.svg HTTP/1.1" 200 1097
[17/Sep/2020 03:58:12] "GET /admin/ HTTP/1.1" 200 7132
[17/Sep/2020 03:58:13] "GET /admin/auth/group/ HTTP/1.1" 200 5695
[17/Sep/2020 03:58:13] "GET /admin/jsi18n/ HTTP/1.1" 200 3187
[17/Sep/2020 03:58:16] "GET /admin/ HTTP/1.1" 200 7132
[17/Sep/2020 03:58:17] "GET /admin/member/memberinfo/ HTTP/1.1" 200 7551
[17/Sep/2020 03:58:17] "GET /admin/jsi18n/ HTTP/1.1" 200 3187
[17/Sep/2020 03:58:28] "GET / HTTP/1.1" 200 6853
[17/Sep/2020 03:58:31] "POST /member/signin/ HTTP/1.1" 302 0

['나 메이플할거얌 히히 신난당 가서 레벨업도 열심히 하고 멋진 플레이어가 되어야지!!!!!']
['맥심 라이트를 주고 떠나간 그.... 나 혼자만 남아있네..']
['말 같지도 않은 소리 그만해! 한시는 점심시간이란 말이야!']
['옥수수도 좋고 감자도 좋아요~ 뭐든 좋죠!']
['장염 걸려서 너무 아프다.. 밥도 못먹네..']
['드디어', '', '끝나간다!', '', '']
['오늘도', '', '정말', '', '힘든 하루..', '', '']
['동글동글 왕감자 대홍단 감자', '', '너무 커서 하나를 못다먹겠죠', '', '']
['파란하늘 파란하늘 꿈이 드리운 푸른 언덕에', '', '아기염소 여럿이 풀을 뜯고 놀아요', '', '해 처럼 맑은 얼굴로~', '', '']
['오늘은 어머니가 선물을 사다주셨답니다 ㅎㅎ', '', '정말 기뻐요! 이렇게 좋은 부모님과 살고 있어서 너무 행복해요 ㅎㅎ', '', '']
['마음을 따스하게 하는 것', '', '얼굴에 자연스레 미소를 짓게 하는 것', '', '사랑하는 이를 생각하면 자연스레 갖게 되는 것', '', '그것이 행복', '', '']
['난 네가 좋아 정말 난 네가좋아 이세상에서 가장 소중한 선물', '', '너는 특별해 정말 너는 특별해', '', '이세상에서 가장 소중한 친구야~', '', '']
['난 네가 좋아 정말 난 네가좋아 이세상에서 가장 소중한 선물', '', '너는 특별해 정말 너는 특별해', '', '이세상에서 가장 소중한 친구야~', '', '']
['지금은 남의땅', '', '빼앗긴 들에도 봄은 오는가', '', '나는 온 몸에 햇살을 받고', '', '푸른 하늘 푸른 들이 맞붙은 곳으로', '', '가르마 같은 논길을 따라', '', '꿈 속을 가듯 걸어만 간다.', '', '']
['그녀를 향한 내 마음은 마치 태양과 같다.', '', '아침에 일어나 그녀를 생각하는 내 가슴은 마치 태양과 같다.', '', '그녀를 생각하는 때면 마음이 따스해진다.', '', '']
['우와 신난다!!']
['아 오늘 너무 힘들다..']
['내 이름은 정서희입니다. 저는 컴퓨터 소프트웨어 공학과 학생입니다.\r', '저는 자바와 C++을 배웠습니다.']
['모자마술 한번 보실래요?']
['오늘 하루종일 공부만 했네..']
['싸늘하다... 대흉근에 비수가 날아와 꽂힌다... 하지만 걱정하지마라.. 전완근은 눈보다 빠르니까..']
['내 삶은 왜 이 모양 이 꼬라지 일까? 하,,, 내 신세야,,,, 나는 왜 항상 이렇게 살아야 하는거야? 나는 너무 우울해서 진짜 죽고싶어 내일이 없었으면 좋겠어 그냥 죽어버렸으면 이 세상의 모두가 나를 잊어버렸으면 해']
['바람이 분다. 그녀가 스쳐지나간 자리에 바람이 분다. 부는 바람에 낙엽이 우수수 떨어진다. 바람이 불어와 옆구리를 간질이는 오늘 오늘따라 그녀가 떠오른다 왜 그때 잘해주지 못했을까']
['내 삶은 달걀..']
['2500만원 어디다가 쓴걸까?']
['머리가... 머리가... 머리부터 발끝까지 오로나민씨..']
['알고리즘 특강 실화냐..? 가슴이 웅장해진다..']
['나 메이플할거얌 히히 신난당 가서 레벨업도 열심히 하고 멋진 플레이어가 되어야지!!!!!']
['맥심 라이트를 주고 떠나간 그.... 나 혼자만 남아있네..']
['말 같지도 않은 소리 그만해! 한시는 점심시간이란 말이야!']
['옥수수도 좋고 감자도 좋아요~ 뭐든 좋죠!']
['장염 걸려서 너무 아프다.. 밥도 못먹네..']
['드디어', '', '끝나간다!', '', '']
['오늘도', '', '정말', '', '힘든 하루..', '', '']
['동글동글 왕감자 대홍단 감자', '', '너무 커서 하나를 못다먹겠죠', '', '']
['파란하늘 파란하늘 꿈이 드리운 푸른 언덕에', '', '아기염소 여럿이 풀을 뜯고 놀아요', '', '해 처럼 맑은 얼굴로~', '', '']
['오늘은 어머니가 선물을 사다주셨답니다 ㅎㅎ', '', '정말 기뻐요! 이렇게 좋은 부모님과 살고 있어서 너무 행복해요 ㅎㅎ', '', '']
['마음을 따스하게 하는 것', '', '얼굴에 자연스레 미소를 짓게 하는 것', '', '사랑하는 이를 생각하면 자연스레 갖게 되는 것', '', '그것이 행복', '', '']
['난 네가 좋아 정말 난 네가좋아 이세상에서 가장 소중한 선물', '', '너는 특별해 정말 너는 특별해', '', '이세상에서 가장 소중한 친구야~', '', '']
['난 네가 좋아 정말 난 네가좋아 이세상에서 가장 소중한 선물', '', '너는 특별해 정말 너는 특별해', '', '이세상에서 가장 소중한 친구야~', '', '']
['지금은 남의땅', '', '빼앗긴 들에도 봄은 오는가', '', '나는 온 몸에 햇살을 받고', '', '푸른 하늘 푸른 들이 맞붙은 곳으로', '', '가르마 같은 논길을 따라', '', '꿈 속을 가듯 걸어만 간다.', '', '']
['그녀를 향한 내 마음은 마치 태양과 같다.', '', '아침에 일어나 그녀를 생각하는 내 가슴은 마치 태양과 같다.', '', '그녀를 생각하는 때면 마음이 따스해진다.', '', '']
['우와 신난다!!']
['아 오늘 너무 힘들다..']
['내 이름은 정서희입니다. 저는 컴퓨터 소프트웨어 공학과 학생입니다.\r', '저는 자바와 C++을 배웠습니다.']
['모자마술 한번 보실래요?']
['오늘 하루종일 공부만 했네..']
['싸늘하다... 대흉근에 비수가 날아와 꽂힌다... 하지만 걱정하지마라.. 전완근은 눈보다 빠르니까..']
['내 삶은 왜 이 모양 이 꼬라지 일까? 하,,, 내 신세야,,,, 나는 왜 항상 이렇게 살아야 하는거야? 나는 너무 우울해서 진짜 죽고싶어 내일이 없었으면 좋겠어 그냥 죽어버렸으면 이 세상의 모두가 나를 잊어버렸으면 해']
['바람이 분다. 그녀가 스쳐지나간 자리에 바람이 분다. 부는 바람에 낙엽이 우수수 떨어진다. 바람이 불어와 옆구리를 간질이는 오늘 오늘따라 그녀가 떠오른다 왜 그때 잘해주지 못했을까']
['내 삶은 달걀..']
['2500만원 어디다가 쓴걸까?']
['머리가... 머리가... 머리부터 발끝까지 오로나민씨..']
['알고리즘 특강 실화냐..? 가슴이 웅장해진다..']
['나 메이플할거얌 히히 신난당 가서 레벨업도 열심히 하고 멋진 플레이어가 되어야지!!!!!']
['맥심 라이트를 주고 떠나간 그.... 나 혼자만 남아있네..']
['말 같지도 않은 소리 그만해! 한시는 점심시간이란 말이야!']
['옥수수도 좋고 감자도 좋아요~ 뭐든 좋죠!']
['장염 걸려서 너무 아프다.. 밥도 못먹네..']
['드디어', '', '끝나간다!', '', '']
['오늘도', '', '정말', '', '힘든 하루..', '', '']
['동글동글 왕감자 대홍단 감자', '', '너무 커서 하나를 못다먹겠죠', '', '']
['파란하늘 파란하늘 꿈이 드리운 푸른 언덕에', '', '아기염소 여럿이 풀을 뜯고 놀아요', '', '해 처럼 맑은 얼굴로~', '', '']
['오늘은 어머니가 선물을 사다주셨답니다 ㅎㅎ', '', '정말 기뻐요! 이렇게 좋은 부모님과 살고 있어서 너무 행복해요 ㅎㅎ', '', '']
['마음을 따스하게 하는 것', '', '얼굴에 자연스레 미소를 짓게 하는 것', '', '사랑하는 이를 생각하면 자연스레 갖게 되는 것', '', '그것이 행복', '', '']
['난 네가 좋아 정말 난 네가좋아 이세상에서 가장 소중한 선물', '', '너는 특별해 정말 너는 특별해', '', '이세상에서 가장 소중한 친구야~', '', '']
['난 네가 좋아 정말 난 네가좋아 이세상에서 가장 소중한 선물', '', '너는 특별해 정말 너는 특별해', '', '이세상에서 가장 소중한 친구야~', '', '']
['지금은 남의땅', '', '빼앗긴 들에도 봄은 오는가', '', '나는 온 몸에 햇살을 받고', '', '푸른 하늘 푸른 들이 맞붙은 곳으로', '', '가르마 같은 논길을 따라', '', '꿈 속을 가듯 걸어만 간다.', '', '']
['그녀를 향한 내 마음은 마치 태양과 같다.', '', '아침에 일어나 그녀를 생각하는 내 가슴은 마치 태양과 같다.', '', '그녀를 생각하는 때면 마음이 따스해진다.', '', ''][17/Sep/2020 03:58:32] "GET / HTTP/1.1" 200 23640
[17/Sep/2020 03:58:32] "GET /static/images/logout.png HTTP/1.1" 304 0
[17/Sep/2020 03:58:32] "GET /static/images/search.png HTTP/1.1" 304 0
[17/Sep/2020 03:58:32] "GET /static/images/write_new.png HTTP/1.1" 304 0
[17/Sep/2020 03:58:32] "GET /static/images/bell_white.png HTTP/1.1" 304 0
[17/Sep/2020 03:58:35] "GET /hot HTTP/1.1" 200 7285
[17/Sep/2020 03:58:36] "GET /cold HTTP/1.1" 200 12497
[17/Sep/2020 03:58:37] "GET /warm HTTP/1.1" 200 13360
[17/Sep/2020 09:07:50] "GET / HTTP/1.1" 200 23640
[17/Sep/2020 09:07:50] "GET /static/css/base.css HTTP/1.1" 200 1702
[17/Sep/2020 09:07:51] "GET /static/images/search.png HTTP/1.1" 200 12988
[17/Sep/2020 09:07:51] "GET /static/images/logout.png HTTP/1.1" 200 6486
[17/Sep/2020 09:07:51] "GET /static/images/write_new.png HTTP/1.1" 200 24034
[17/Sep/2020 09:07:51] "GET /static/images/bell_white.png HTTP/1.1" 200 343071
[17/Sep/2020 09:07:56] "GET /warm HTTP/1.1" 200 13360

['우와 신난다!!']
['내 이름은 정서희입니다. 저는 컴퓨터 소프트웨어 공학과 학생입니다.\r', '저는 자바와 C++을 배웠습니다.']
['알고리즘 특강 실화냐..? 가슴이 웅장해진다..']
['옥수수도 좋고 감자도 좋아요~ 뭐든 좋죠!']
['아 오늘 너무 힘들다..']
['오늘 하루종일 공부만 했네..']
['싸늘하다... 대흉근에 비수가 날아와 꽂힌다... 하지만 걱정하지마라.. 전완근은 눈보다 빠르니까..']
['내 삶은 왜 이 모양 이 꼬라지 일까? 하,,, 내 신세야,,,, 나는 왜 항상 이렇게 살아야 하는거야? 나는 너무 우울해서 진짜 죽고싶어 내일이 없었으면 좋겠어 그냥 죽어버렸으면 이 세상의 모두가 나를 잊어버렸으면 해']
['맥심 라이트를 주고 떠나간 그.... 나 혼자만 남아있네..']
['말 같지도 않은 소리 그만해! 한시는 점심시간이란 말이야!']
['장염 걸려서 너무 아프다.. 밥도 못먹네..']
['드디어', '', '끝나간다!', '', '']
['동글동글 왕감자 대홍단 감자', '', '너무 커서 하나를 못다먹겠죠', '', '']
['지금은 남의땅', '', '빼앗긴 들에도 봄은 오는가', '', '나는 온 몸에 햇살을 받고', '', '푸른 하늘 푸른 들이 맞붙은 곳으로', '', '가르마 같은 논길을 따라', '', '꿈 속을 가듯 걸어만 간다.', '', '']
['그녀를 향한 내 마음은 마치 태양과 같다.', '', '아침에 일어나 그녀를 생각하는 내 가슴은 마치 태양과 같다.', '', '그녀를 생각하는 때면 마음이 따스해진다.', '', '']
['모자마술 한번 보실래요?']
['바람이 분다. 그녀가 스쳐지나간 자리에 바람이 분다. 부는 바람에 낙엽이 우수수 떨어진다. 바람이 불어와 옆구리를 간질이는 오늘 오늘따라 그녀가 떠오른다 왜 그때 잘해주지 못했을까']
['내 삶은 달걀..']
['2500만원 어디다가 쓴걸까?']
['머리가... 머리가... 머리부터 발끝까지 오로나민씨..']
['나 메이플할거얌 히히 신난당 가서 레벨업도 열심히 하고 멋진 플레이어가 되어야지!!!!!']
['오늘도', '', '정말', '', '힘든 하루..', '', '']
['파란하늘 파란하늘 꿈이 드리운 푸른 언덕에', '', '아기염소 여럿이 풀을 뜯고 놀아요', '', '해 처럼 맑은 얼굴로~', '', '']
['오늘은 어머니가 선물을 사다주셨답니다 ㅎㅎ', '', '정말 기뻐요! 이렇게 좋은 부모님과 살고 있어서 너무 행복해요 ㅎㅎ', '', '']
['마음을 따스하게 하는 것', '', '얼굴에 자연스레 미소를 짓게 하는 것', '', '사랑하는 이를 생각하면 자연스레 갖게 되는 것', '', '그것이 행복', '', '']
['난 네가 좋아 정말 난 네가좋아 이세상에서 가장 소중한 선물', '', '너는 특별해 정말 너는 특별해', '', '이세상에서 가장 소중한 친구야~', '', '']
['난 네가 좋아 정말 난 네가좋아 이세상에서 가장 소중한 선물', '', '너는 특별해 정말 너는 특별해', '', '이세상에서 가장 소중한 친구야~', '', '']
['우와 신난다!!']
['아 오늘 너무 힘들다..']
['내 이름은 정서희입니다. 저는 컴퓨터 소프트웨어 공학과 학생입니다.\r', '저는 자바와 C++을 배웠습니다.']
['모자마술 한번 보실래요?']
['오늘 하루종일 공부만 했네..']
['싸늘하다... 대흉근에 비수가 날아와 꽂힌다... 하지만 걱정하지마라.. 전완근은 눈보다 빠르니까..']
['내 삶은 왜 이 모양 이 꼬라지 일까? 하,,, 내 신세야,,,, 나는 왜 항상 이렇게 살아야 하는거야? 나는 너무 우울해서 진짜 죽고싶어 내일이 없었으면 좋겠어 그냥 죽어버렸으면 이 세상의 모두가 나를 잊어버렸으면 해']
['바람이 분다. 그녀가 스쳐지나간 자리에 바람이 분다. 부는 바람에 낙엽이 우수수 떨어진다. 바람이 불어와 옆구리를 간질이는 오늘 오늘따라 그녀가 떠오른다 왜 그때 잘해주지 못했을까']
['내 삶은 달걀..']
['2500만원 어디다가 쓴걸까?']
['머리가... 머리가... 머리부터 발끝까지 오로나민씨..']
['알고리즘 특강 실화냐..? 가슴이 웅장해진다..']
['나 메이플할거얌 히히 신난당 가서 레벨업도 열심히 하고 멋진 플레이어가 되어야지!!!!!']
['맥심 라이트를 주고 떠나간 그.... 나 혼자만 남아있네..']
['말 같지도 않은 소리 그만해! 한시는 점심시간이란 말이야!']
['옥수수도 좋고 감자도 좋아요~ 뭐든 좋죠!']
['장염 걸려서 너무 아프다.. 밥도 못먹네..']
['드디어', '', '끝나간다!', '', '']
['오늘도', '', '정말', '', '힘든 하루..', '', '']
['동글동글 왕감자 대홍단 감자', '', '너무 커서 하나를 못다먹겠죠', '', '']
['파란하늘 파란하늘 꿈이 드리운 푸른 언덕에', '', '아기염소 여럿이 풀을 뜯고 놀아요', '', '해 처럼 맑은 얼굴로~', '', '']
['오늘은 어머니가 선물을 사다주셨답니다 ㅎㅎ', '', '정말 기뻐요! 이렇게 좋은 부모님과 살고 있어서 너무 행복해요 ㅎㅎ', '', '']
['마음을 따스하게 하는 것', '', '얼굴에 자연스레 미소를 짓게 하는 것', '', '사랑하는 이를 생각하면 자연스레 갖게 되는 것', '', '그것이 행복', '', '']
['난 네가 좋아 정말 난 네가좋아 이세상에서 가장 소중한 선물', '', '너는 특별해 정말 너는 특별해', '', '이세상에서 가장 소중한 친구야~', '', '']
['난 네가 좋아 정말 난 네가좋아 이세상에서 가장 소중한 선물', '', '너는 특별해 정말 너는 특별해', '', '이세상에서 가장 소중한 친구야~', '', '']
['지금은 남의땅', '', '빼앗긴 들에도 봄은 오는가', '', '나는 온 몸에 햇살을 받고', '', '푸른 하늘 푸른 들이 맞붙은 곳으로', '', '가르마 같은 논길을 따라', '', '꿈 속을 가듯 걸어만 간다.', '', '']
['그녀를 향한 내 마음은 마치 태양과 같다.', '', '아침에 일어나 그녀를 생각하는 내 가슴은 마치 태양과 같다.', '', '그녀를 생각하는 때면 마음이 따스해진다.', '', '']
['모자마술 한번 보실래요?']
['바람이 분다. 그녀가 스쳐지나간 자리에 바람이 분다. 부는 바람에 낙엽이 우수수 떨어진다. 바람이 불어와 옆구리를 간질이는 오늘 오늘따라 그녀가 떠오른다 왜 그때 잘해주지 못했을까']
['내 삶은 달걀..']
['2500만원 어디다가 쓴걸까?']
['머리가... 머리가... 머리부터 발끝까지 오로나민씨..']
['나 메이플할거얌 히히 신난당 가서 레벨업도 열심히 하고 멋진 플레이어가 되어야지!!!!!']
['오늘도', '', '정말', '', '힘든 하루..', '', '']
['파란하늘 파란하늘 꿈이 드리운 푸른 언덕에', '', '아기염소 여럿이 풀을 뜯고 놀아요', '', '해 처럼 맑은 얼굴로~', '', '']
['오늘은 어머니가 선물을 사다주셨답니다 ㅎㅎ', '', '정말 기뻐요! 이렇게 좋은 부모님과 살고 있어서 너무 행복해요 ㅎㅎ', '', '']
['마음을 따스하게 하는 것', '', '얼굴에 자연스레 미소를 짓게 하는 것', '', '사랑하는 이를 생각하면 자연스레 갖게 되는 것', '', '그것이 행복', '', '']
['난 네가 좋아 정말 난 네가좋아 이세상에서 가장 소중한 선물', '', '너는 특별해 정말 너는 특별해', '', '이세상에서 가장 소중한 친구야~', '', '']
['난 네가 좋아 정말 난 네가좋아 이세상에서 가장 소중한 선물', '', '너는 특별해 정말 너는 특별해', '', '이세상에서 가장 소중한 친구야~', '', '']
['아 오늘 너무 힘들다..']
['오늘 하루종일 공부만 했네..']
['싸늘하다... 대흉근에 비수가 날아와 꽂힌다... 하지만 걱정하지마라.. 전완근은 눈보다 빠르니까..']
['내 삶은 왜 이 모양 이 꼬라지 일까? 하,,, 내 신세야,,,, 나는 왜 항상 이렇게 살아야 하는거야? 나는 너무 우울해서 진짜 죽고싶어 내일이 없었으면 좋겠어 그냥 죽어버렸으면 이 세상의 모두가 나를 잊어버렸으면 해'][17/Sep/2020 09:08:01] "GET /cold HTTP/1.1" 200 12497
[17/Sep/2020 09:08:04] "GET /hot HTTP/1.1" 200 7285
[17/Sep/2020 09:08:15] "GET /hot? HTTP/1.1" 200 7285
[17/Sep/2020 09:08:22] "GET /member/logout HTTP/1.1" 301 0
[17/Sep/2020 09:08:22] "GET /member/logout/ HTTP/1.1" 302 0
[17/Sep/2020 09:08:22] "GET / HTTP/1.1" 200 6853
Invalid HTTP_HOST header: '116.127.156.29:8000'. You may need to add '116.127.156.29' to ALLOWED_HOSTS.
Bad Request: /
[17/Sep/2020 13:50:23] "GET / HTTP/1.1" 400 62336
Invalid HTTP_HOST header: '116.127.156.29:8000'. You may need to add '116.127.156.29' to ALLOWED_HOSTS.
Bad Request: /
[17/Sep/2020 16:21:41] "GET / HTTP/1.1" 400 62055
Invalid HTTP_HOST header: '116.127.156.29:8000'. You may need to add '116.127.156.29' to ALLOWED_HOSTS.
Bad Request: /
[18/Sep/2020 10:30:34] "GET / HTTP/1.1" 400 62447
Invalid HTTP_HOST header: '116.127.156.29:8000'. You may need to add '116.127.156.29' to ALLOWED_HOSTS.
Bad Request: /
[18/Sep/2020 10:30:35] "GET / HTTP/1.1" 400 62447
Invalid HTTP_HOST header: '116.127.156.29:8000'. You may need to add '116.127.156.29' to ALLOWED_HOSTS.
Bad Request: /
[18/Sep/2020 10:30:36] "GET / HTTP/1.1" 400 62447
Invalid HTTP_HOST header: '116.127.156.29:8000'. You may need to add '116.127.156.29' to ALLOWED_HOSTS.
Bad Request: /HNAP1/
[18/Sep/2020 10:30:37] "GET /HNAP1/ HTTP/1.1" 400 62662
Invalid HTTP_HOST header: '116.127.156.29:8000'. You may need to add '116.127.156.29' to ALLOWED_HOSTS.
Bad Request: /HNAP1/
[18/Sep/2020 10:30:38] "GET /HNAP1/ HTTP/1.1" 400 62662
Invalid HTTP_HOST header: '116.127.156.29:8000'. You may need to add '116.127.156.29' to ALLOWED_HOSTS.
Bad Request: /HNAP1/
[18/Sep/2020 10:30:39] "GET /HNAP1/ HTTP/1.1" 400 62662
Invalid HTTP_HOST header: '116.127.156.29:8000'. You may need to add '116.127.156.29' to ALLOWED_HOSTS.
Bad Request: /
[18/Sep/2020 12:49:58] "GET / HTTP/1.1" 400 62112
[19/Sep/2020 12:42:06] "GET /admin HTTP/1.1" 301 0
[19/Sep/2020 12:42:07] "GET /admin/ HTTP/1.1" 200 7132
[19/Sep/2020 12:42:07] "GET /static/admin/css/base.css HTTP/1.1" 200 16307
[19/Sep/2020 12:42:07] "GET /static/admin/js/nav_sidebar.js HTTP/1.1" 200 1360
[19/Sep/2020 12:42:07] "GET /static/admin/css/nav_sidebar.css HTTP/1.1" 200 1942
[19/Sep/2020 12:42:07] "GET /static/admin/css/dashboard.css HTTP/1.1" 200 380
[19/Sep/2020 12:42:07] "GET /static/admin/css/responsive.css HTTP/1.1" 200 18617
[19/Sep/2020 12:42:07] "GET /admin/ HTTP/1.1" 200 7132
[19/Sep/2020 12:42:07] "GET /static/admin/css/fonts.css HTTP/1.1" 200 423
[19/Sep/2020 12:42:07] "GET /static/admin/img/icon-addlink.svg HTTP/1.1" 200 331
[19/Sep/2020 12:42:07] "GET /static/admin/img/icon-changelink.svg HTTP/1.1" 200 380
[19/Sep/2020 12:42:07] "GET /static/admin/img/icon-deletelink.svg HTTP/1.1" 200 392
[19/Sep/2020 12:42:07] "GET /static/admin/fonts/Roboto-Light-webfont.woff HTTP/1.1" 200 85692
[19/Sep/2020 12:42:07] "GET /static/admin/fonts/Roboto-Bold-webfont.woff HTTP/1.1" 200 86184
[19/Sep/2020 12:42:07] "GET /static/admin/fonts/Roboto-Regular-webfont.woff HTTP/1.1" 200 85876
Not Found: /favicon.ico
[19/Sep/2020 12:42:07] "GET /favicon.ico HTTP/1.1" 404 3301
[19/Sep/2020 12:42:12] "GET /admin/post/post/ HTTP/1.1" 200 12054
[19/Sep/2020 12:42:12] "GET /static/admin/css/changelists.css HTTP/1.1" 200 6306
[19/Sep/2020 12:42:12] "GET /static/admin/js/core.js HTTP/1.1" 200 5418
[19/Sep/2020 12:42:12] "GET /static/admin/js/jquery.init.js HTTP/1.1" 200 347
[19/Sep/2020 12:42:12] "GET /admin/jsi18n/ HTTP/1.1" 200 3187
[19/Sep/2020 12:42:12] "GET /static/admin/js/admin/RelatedObjectLookups.js HTTP/1.1" 200 6078
[19/Sep/2020 12:42:12] "GET /static/admin/js/actions.js HTTP/1.1" 200 6783
[19/Sep/2020 12:42:12] "GET /static/admin/js/urlify.js HTTP/1.1" 200 8632
[19/Sep/2020 12:42:12] "GET /static/admin/js/prepopulate.js HTTP/1.1" 200 1531
[19/Sep/2020 12:42:12] "GET /static/admin/js/vendor/xregexp/xregexp.js HTTP/1.1" 200 232381
[19/Sep/2020 12:42:12] "GET /static/admin/js/vendor/jquery/jquery.js HTTP/1.1" 200 287630
[19/Sep/2020 12:42:12] "GET /static/admin/img/tooltag-add.svg HTTP/1.1" 200 331
[19/Sep/2020 12:42:14] "GET /admin/post/post/44/change/ HTTP/1.1" 200 10440
[19/Sep/2020 12:42:14] "GET /static/admin/css/forms.css HTTP/1.1" 200 8399
[19/Sep/2020 12:42:14] "GET /admin/jsi18n/ HTTP/1.1" 200 3187
[19/Sep/2020 12:42:14] "GET /static/admin/css/widgets.css HTTP/1.1" 200 10592
[19/Sep/2020 12:42:14] "GET /static/admin/js/prepopulate_init.js HTTP/1.1" 200 492
[19/Sep/2020 12:42:14] "GET /static/admin/js/change_form.js HTTP/1.1" 200 606
[19/Sep/2020 12:42:16] "GET /admin/post/post/ HTTP/1.1" 200 12054
[19/Sep/2020 12:42:17] "GET /admin/auth/user/ HTTP/1.1" 200 8790
[19/Sep/2020 12:42:17] "GET /static/admin/img/search.svg HTTP/1.1" 200 458
[19/Sep/2020 12:42:17] "GET /admin/jsi18n/ HTTP/1.1" 200 3187
[19/Sep/2020 12:42:17] "GET /static/admin/img/icon-yes.svg HTTP/1.1" 200 436
[19/Sep/2020 12:42:17] "GET /static/admin/img/sorting-icons.svg HTTP/1.1" 200 1097
[19/Sep/2020 12:42:19] "GET /admin/member/memberinfo/ HTTP/1.1" 200 7551
[19/Sep/2020 12:42:19] "GET /admin/jsi18n/ HTTP/1.1" 200 3187
[20/Sep/2020 00:04:45] code 400, message Bad request syntax ("\x16\x03\x03\x00\x99\x01\x00\x00\x95\x03\x03_f\x9c\x9cÑã9Å\x98OëB4jË÷âèmØfR6uéÿ<\x9bB#\x9d7\x00\x004À(À'À\x14À\x13\x00\x9f\x00\x9e\x00\x9d\x00\x9cÀ,À+À$À#À")
[20/Sep/2020 00:04:45] You're accessing the development server over HTTPS, but it only supports HTTP.

[20/Sep/2020 06:07:34] code 400, message Bad request syntax ('\x05\x01\x00')
[20/Sep/2020 06:07:34] " " 400 -
